[0.058s] DEBUG:colcon:Command line arguments: ['/usr/bin/colcon', 'build', '--packages-select', 'mobile_robot']
[0.058s] DEBUG:colcon:Parsed command line arguments: Namespace(log_base=None, log_level=None, verb_name='build', build_base='build', install_base='install', merge_install=False, symlink_install=False, test_result_base=None, continue_on_error=False, executor='parallel', parallel_workers=16, event_handlers=None, ignore_user_meta=False, metas=['./colcon.meta'], base_paths=['.'], packages_ignore=None, packages_ignore_regex=None, paths=None, packages_up_to=None, packages_up_to_regex=None, packages_above=None, packages_above_and_dependencies=None, packages_above_depth=None, packages_select_by_dep=None, packages_skip_by_dep=None, packages_skip_up_to=None, packages_select_build_failed=False, packages_skip_build_finished=False, packages_select_test_failures=False, packages_skip_test_passed=False, packages_select=['mobile_robot'], packages_skip=None, packages_select_regex=None, packages_skip_regex=None, packages_start=None, packages_end=None, allow_overriding=[], cmake_args=None, cmake_target=None, cmake_target_skip_unavailable=False, cmake_clean_cache=False, cmake_clean_first=False, cmake_force_configure=False, ament_cmake_args=None, catkin_cmake_args=None, catkin_skip_building_tests=False, mixin_files=None, mixin=None, verb_parser=<colcon_mixin.mixin.mixin_argument.MixinArgumentDecorator object at 0x761fb3018be0>, verb_extension=<colcon_core.verb.build.BuildVerb object at 0x761fb3169ae0>, main=<bound method BuildVerb.main of <colcon_core.verb.build.BuildVerb object at 0x761fb3169ae0>>, mixin_verb=('build',))
[0.141s] Level 1:colcon.colcon_core.package_discovery:discover_packages(colcon_meta) check parameters
[0.141s] Level 1:colcon.colcon_core.package_discovery:discover_packages(recursive) check parameters
[0.141s] Level 1:colcon.colcon_core.package_discovery:discover_packages(ignore) check parameters
[0.141s] Level 1:colcon.colcon_core.package_discovery:discover_packages(path) check parameters
[0.141s] Level 1:colcon.colcon_core.package_discovery:discover_packages(colcon_meta) discover
[0.141s] Level 1:colcon.colcon_core.package_discovery:discover_packages(recursive) discover
[0.141s] INFO:colcon.colcon_core.package_discovery:Crawling recursively for packages in '/home/dhruv/rover_project'
[0.141s] Level 1:colcon.colcon_core.package_identification:_identify(.) by extensions ['ignore', 'ignore_ament_install']
[0.142s] Level 1:colcon.colcon_core.package_identification:_identify(.) by extension 'ignore'
[0.142s] Level 1:colcon.colcon_core.package_identification:_identify(.) by extension 'ignore_ament_install'
[0.142s] Level 1:colcon.colcon_core.package_identification:_identify(.) by extensions ['colcon_pkg']
[0.142s] Level 1:colcon.colcon_core.package_identification:_identify(.) by extension 'colcon_pkg'
[0.142s] Level 1:colcon.colcon_core.package_identification:_identify(.) by extensions ['colcon_meta']
[0.142s] Level 1:colcon.colcon_core.package_identification:_identify(.) by extension 'colcon_meta'
[0.142s] Level 1:colcon.colcon_core.package_identification:_identify(.) by extensions ['ros']
[0.142s] Level 1:colcon.colcon_core.package_identification:_identify(.) by extension 'ros'
[0.148s] Level 1:colcon.colcon_core.package_identification:_identify(.) by extensions ['cmake', 'python']
[0.148s] Level 1:colcon.colcon_core.package_identification:_identify(.) by extension 'cmake'
[0.148s] Level 1:colcon.colcon_core.package_identification:_identify(.) by extension 'python'
[0.148s] Level 1:colcon.colcon_core.package_identification:_identify(.) by extensions ['python_setup_py']
[0.148s] Level 1:colcon.colcon_core.package_identification:_identify(.) by extension 'python_setup_py'
[0.148s] Level 1:colcon.colcon_core.package_identification:_identify(build) by extensions ['ignore', 'ignore_ament_install']
[0.148s] Level 1:colcon.colcon_core.package_identification:_identify(build) by extension 'ignore'
[0.148s] Level 1:colcon.colcon_core.package_identification:_identify(build) ignored
[0.148s] Level 1:colcon.colcon_core.package_identification:_identify(install) by extensions ['ignore', 'ignore_ament_install']
[0.148s] Level 1:colcon.colcon_core.package_identification:_identify(install) by extension 'ignore'
[0.148s] Level 1:colcon.colcon_core.package_identification:_identify(install) ignored
[0.148s] Level 1:colcon.colcon_core.package_identification:_identify(log) by extensions ['ignore', 'ignore_ament_install']
[0.148s] Level 1:colcon.colcon_core.package_identification:_identify(log) by extension 'ignore'
[0.148s] Level 1:colcon.colcon_core.package_identification:_identify(log) ignored
[0.149s] Level 1:colcon.colcon_core.package_identification:_identify(src) by extensions ['ignore', 'ignore_ament_install']
[0.149s] Level 1:colcon.colcon_core.package_identification:_identify(src) by extension 'ignore'
[0.149s] Level 1:colcon.colcon_core.package_identification:_identify(src) by extension 'ignore_ament_install'
[0.149s] Level 1:colcon.colcon_core.package_identification:_identify(src) by extensions ['colcon_pkg']
[0.149s] Level 1:colcon.colcon_core.package_identification:_identify(src) by extension 'colcon_pkg'
[0.149s] Level 1:colcon.colcon_core.package_identification:_identify(src) by extensions ['colcon_meta']
[0.149s] Level 1:colcon.colcon_core.package_identification:_identify(src) by extension 'colcon_meta'
[0.149s] Level 1:colcon.colcon_core.package_identification:_identify(src) by extensions ['ros']
[0.149s] Level 1:colcon.colcon_core.package_identification:_identify(src) by extension 'ros'
[0.149s] Level 1:colcon.colcon_core.package_identification:_identify(src) by extensions ['cmake', 'python']
[0.149s] Level 1:colcon.colcon_core.package_identification:_identify(src) by extension 'cmake'
[0.149s] Level 1:colcon.colcon_core.package_identification:_identify(src) by extension 'python'
[0.149s] Level 1:colcon.colcon_core.package_identification:_identify(src) by extensions ['python_setup_py']
[0.149s] Level 1:colcon.colcon_core.package_identification:_identify(src) by extension 'python_setup_py'
[0.149s] Level 1:colcon.colcon_core.package_identification:_identify(src/mobile_robot) by extensions ['ignore', 'ignore_ament_install']
[0.149s] Level 1:colcon.colcon_core.package_identification:_identify(src/mobile_robot) by extension 'ignore'
[0.149s] Level 1:colcon.colcon_core.package_identification:_identify(src/mobile_robot) by extension 'ignore_ament_install'
[0.149s] Level 1:colcon.colcon_core.package_identification:_identify(src/mobile_robot) by extensions ['colcon_pkg']
[0.149s] Level 1:colcon.colcon_core.package_identification:_identify(src/mobile_robot) by extension 'colcon_pkg'
[0.149s] Level 1:colcon.colcon_core.package_identification:_identify(src/mobile_robot) by extensions ['colcon_meta']
[0.149s] Level 1:colcon.colcon_core.package_identification:_identify(src/mobile_robot) by extension 'colcon_meta'
[0.149s] Level 1:colcon.colcon_core.package_identification:_identify(src/mobile_robot) by extensions ['ros']
[0.149s] Level 1:colcon.colcon_core.package_identification:_identify(src/mobile_robot) by extension 'ros'
[0.151s] DEBUG:colcon.colcon_core.package_identification:Package 'src/mobile_robot' with type 'ros.ament_cmake' and name 'mobile_robot'
[0.151s] Level 1:colcon.colcon_core.package_discovery:discover_packages(recursive) using defaults
[0.151s] Level 1:colcon.colcon_core.package_discovery:discover_packages(ignore) discover
[0.151s] Level 1:colcon.colcon_core.package_discovery:discover_packages(ignore) using defaults
[0.151s] Level 1:colcon.colcon_core.package_discovery:discover_packages(path) discover
[0.151s] Level 1:colcon.colcon_core.package_discovery:discover_packages(path) using defaults
[0.182s] Level 1:colcon.colcon_core.package_discovery:discover_packages(prefix_path) check parameters
[0.182s] Level 1:colcon.colcon_core.package_discovery:discover_packages(prefix_path) discover
[0.182s] WARNING:colcon.colcon_ros.prefix_path.ament:The path '/home/dhruv/rover_project/install/mobile_robot' in the environment variable AMENT_PREFIX_PATH doesn't exist
[0.183s] WARNING:colcon.colcon_ros.prefix_path.catkin:The path '/home/dhruv/rover_project/install/mobile_robot' in the environment variable CMAKE_PREFIX_PATH doesn't exist
[0.183s] DEBUG:colcon.colcon_installed_package_information.package_discovery:Found 0 installed packages in /home/dhruv/rover_project/install
[0.183s] DEBUG:colcon.colcon_installed_package_information.package_discovery:Found 1 installed packages in /home/dhruv/robot/install
[0.184s] DEBUG:colcon.colcon_installed_package_information.package_discovery:Found 301 installed packages in /opt/ros/humble
[0.185s] Level 1:colcon.colcon_core.package_discovery:discover_packages(prefix_path) using defaults
[0.207s] Level 5:colcon.colcon_core.verb:set package 'mobile_robot' build argument 'cmake_args' from command line to 'None'
[0.207s] Level 5:colcon.colcon_core.verb:set package 'mobile_robot' build argument 'cmake_target' from command line to 'None'
[0.207s] Level 5:colcon.colcon_core.verb:set package 'mobile_robot' build argument 'cmake_target_skip_unavailable' from command line to 'False'
[0.207s] Level 5:colcon.colcon_core.verb:set package 'mobile_robot' build argument 'cmake_clean_cache' from command line to 'False'
[0.207s] Level 5:colcon.colcon_core.verb:set package 'mobile_robot' build argument 'cmake_clean_first' from command line to 'False'
[0.207s] Level 5:colcon.colcon_core.verb:set package 'mobile_robot' build argument 'cmake_force_configure' from command line to 'False'
[0.207s] Level 5:colcon.colcon_core.verb:set package 'mobile_robot' build argument 'ament_cmake_args' from command line to 'None'
[0.207s] Level 5:colcon.colcon_core.verb:set package 'mobile_robot' build argument 'catkin_cmake_args' from command line to 'None'
[0.207s] Level 5:colcon.colcon_core.verb:set package 'mobile_robot' build argument 'catkin_skip_building_tests' from command line to 'False'
[0.207s] DEBUG:colcon.colcon_core.verb:Building package 'mobile_robot' with the following arguments: {'ament_cmake_args': None, 'build_base': '/home/dhruv/rover_project/build/mobile_robot', 'catkin_cmake_args': None, 'catkin_skip_building_tests': False, 'cmake_args': None, 'cmake_clean_cache': False, 'cmake_clean_first': False, 'cmake_force_configure': False, 'cmake_target': None, 'cmake_target_skip_unavailable': False, 'install_base': '/home/dhruv/rover_project/install/mobile_robot', 'merge_install': False, 'path': '/home/dhruv/rover_project/src/mobile_robot', 'symlink_install': False, 'test_result_base': None}
[0.207s] INFO:colcon.colcon_core.executor:Executing jobs using 'parallel' executor
[0.208s] DEBUG:colcon.colcon_parallel_executor.executor.parallel:run_until_complete
[0.208s] INFO:colcon.colcon_ros.task.ament_cmake.build:Building ROS package in '/home/dhruv/rover_project/src/mobile_robot' with build type 'ament_cmake'
[0.209s] INFO:colcon.colcon_cmake.task.cmake.build:Building CMake package in '/home/dhruv/rover_project/src/mobile_robot'
[0.210s] INFO:colcon.colcon_core.plugin_system:Skipping extension 'colcon_core.shell.bat': Not used on non-Windows systems
[0.210s] INFO:colcon.colcon_core.shell:Skip shell extension 'powershell' for command environment: Not usable outside of PowerShell
[0.210s] DEBUG:colcon.colcon_core.shell:Skip shell extension 'dsv' for command environment
[0.219s] DEBUG:colcon.colcon_core.event_handler.log_command:Invoking command in '/home/dhruv/rover_project/build/mobile_robot': CMAKE_PREFIX_PATH=/home/dhruv/rover_project/install/mobile_robot:/opt/ros/humble:/home/dhruv/robot/install/robot /usr/bin/cmake /home/dhruv/rover_project/src/mobile_robot -DCMAKE_INSTALL_PREFIX=/home/dhruv/rover_project/install/mobile_robot
[1.371s] DEBUG:colcon.colcon_core.event_handler.log_command:Invoked command in '/home/dhruv/rover_project/build/mobile_robot' returned '0': CMAKE_PREFIX_PATH=/home/dhruv/rover_project/install/mobile_robot:/opt/ros/humble:/home/dhruv/robot/install/robot /usr/bin/cmake /home/dhruv/rover_project/src/mobile_robot -DCMAKE_INSTALL_PREFIX=/home/dhruv/rover_project/install/mobile_robot
[1.374s] DEBUG:colcon.colcon_core.event_handler.log_command:Invoking command in '/home/dhruv/rover_project/build/mobile_robot': CMAKE_PREFIX_PATH=/home/dhruv/rover_project/install/mobile_robot:/opt/ros/humble:/home/dhruv/robot/install/robot /usr/bin/cmake --build /home/dhruv/rover_project/build/mobile_robot -- -j16 -l16
[7.376s] DEBUG:colcon.colcon_core.event_handler.log_command:Invoked command in '/home/dhruv/rover_project/build/mobile_robot' returned '0': CMAKE_PREFIX_PATH=/home/dhruv/rover_project/install/mobile_robot:/opt/ros/humble:/home/dhruv/robot/install/robot /usr/bin/cmake --build /home/dhruv/rover_project/build/mobile_robot -- -j16 -l16
[7.384s] DEBUG:colcon.colcon_core.event_handler.log_command:Invoking command in '/home/dhruv/rover_project/build/mobile_robot': CMAKE_PREFIX_PATH=/home/dhruv/rover_project/install/mobile_robot:/opt/ros/humble:/home/dhruv/robot/install/robot /usr/bin/cmake --install /home/dhruv/rover_project/build/mobile_robot
[7.398s] Level 1:colcon.colcon_core.environment:create_environment_scripts_only(mobile_robot)
[7.398s] DEBUG:colcon.colcon_core.event_handler.log_command:Invoked command in '/home/dhruv/rover_project/build/mobile_robot' returned '0': CMAKE_PREFIX_PATH=/home/dhruv/rover_project/install/mobile_robot:/opt/ros/humble:/home/dhruv/robot/install/robot /usr/bin/cmake --install /home/dhruv/rover_project/build/mobile_robot
[7.400s] Level 1:colcon.colcon_core.environment:checking '/home/dhruv/rover_project/install/mobile_robot' for CMake module files
[7.400s] Level 1:colcon.colcon_core.environment:checking '/home/dhruv/rover_project/install/mobile_robot' for CMake config files
[7.400s] Level 1:colcon.colcon_core.shell:create_environment_hook('mobile_robot', 'cmake_prefix_path')
[7.400s] INFO:colcon.colcon_core.shell:Creating environment hook '/home/dhruv/rover_project/install/mobile_robot/share/mobile_robot/hook/cmake_prefix_path.ps1'
[7.401s] INFO:colcon.colcon_core.shell:Creating environment descriptor '/home/dhruv/rover_project/install/mobile_robot/share/mobile_robot/hook/cmake_prefix_path.dsv'
[7.402s] INFO:colcon.colcon_core.shell:Creating environment hook '/home/dhruv/rover_project/install/mobile_robot/share/mobile_robot/hook/cmake_prefix_path.sh'
[7.403s] Level 1:colcon.colcon_core.environment:checking '/home/dhruv/rover_project/install/mobile_robot/lib'
[7.404s] Level 1:colcon.colcon_core.environment:checking '/home/dhruv/rover_project/install/mobile_robot/bin'
[7.404s] Level 1:colcon.colcon_core.environment:checking '/home/dhruv/rover_project/install/mobile_robot/lib/pkgconfig/mobile_robot.pc'
[7.404s] Level 1:colcon.colcon_core.environment:checking '/home/dhruv/rover_project/install/mobile_robot/lib/python3.10/site-packages'
[7.404s] Level 1:colcon.colcon_core.environment:checking '/home/dhruv/rover_project/install/mobile_robot/bin'
[7.405s] INFO:colcon.colcon_core.shell:Creating package script '/home/dhruv/rover_project/install/mobile_robot/share/mobile_robot/package.ps1'
[7.406s] INFO:colcon.colcon_core.shell:Creating package descriptor '/home/dhruv/rover_project/install/mobile_robot/share/mobile_robot/package.dsv'
[7.407s] INFO:colcon.colcon_core.shell:Creating package script '/home/dhruv/rover_project/install/mobile_robot/share/mobile_robot/package.sh'
[7.408s] INFO:colcon.colcon_core.shell:Creating package script '/home/dhruv/rover_project/install/mobile_robot/share/mobile_robot/package.bash'
[7.409s] INFO:colcon.colcon_core.shell:Creating package script '/home/dhruv/rover_project/install/mobile_robot/share/mobile_robot/package.zsh'
[7.410s] Level 1:colcon.colcon_core.environment:create_file_with_runtime_dependencies(/home/dhruv/rover_project/install/mobile_robot/share/colcon-core/packages/mobile_robot)
[7.411s] Level 1:colcon.colcon_core.environment:create_environment_scripts_only(mobile_robot)
[7.411s] Level 1:colcon.colcon_core.environment:checking '/home/dhruv/rover_project/install/mobile_robot' for CMake module files
[7.412s] Level 1:colcon.colcon_core.environment:checking '/home/dhruv/rover_project/install/mobile_robot' for CMake config files
[7.412s] Level 1:colcon.colcon_core.shell:create_environment_hook('mobile_robot', 'cmake_prefix_path')
[7.412s] INFO:colcon.colcon_core.shell:Creating environment hook '/home/dhruv/rover_project/install/mobile_robot/share/mobile_robot/hook/cmake_prefix_path.ps1'
[7.413s] INFO:colcon.colcon_core.shell:Creating environment descriptor '/home/dhruv/rover_project/install/mobile_robot/share/mobile_robot/hook/cmake_prefix_path.dsv'
[7.413s] INFO:colcon.colcon_core.shell:Creating environment hook '/home/dhruv/rover_project/install/mobile_robot/share/mobile_robot/hook/cmake_prefix_path.sh'
[7.414s] Level 1:colcon.colcon_core.environment:checking '/home/dhruv/rover_project/install/mobile_robot/lib'
[7.414s] Level 1:colcon.colcon_core.environment:checking '/home/dhruv/rover_project/install/mobile_robot/bin'
[7.415s] Level 1:colcon.colcon_core.environment:checking '/home/dhruv/rover_project/install/mobile_robot/lib/pkgconfig/mobile_robot.pc'
[7.415s] Level 1:colcon.colcon_core.environment:checking '/home/dhruv/rover_project/install/mobile_robot/lib/python3.10/site-packages'
[7.415s] Level 1:colcon.colcon_core.environment:checking '/home/dhruv/rover_project/install/mobile_robot/bin'
[7.416s] INFO:colcon.colcon_core.shell:Creating package script '/home/dhruv/rover_project/install/mobile_robot/share/mobile_robot/package.ps1'
[7.416s] INFO:colcon.colcon_core.shell:Creating package descriptor '/home/dhruv/rover_project/install/mobile_robot/share/mobile_robot/package.dsv'
[7.417s] INFO:colcon.colcon_core.shell:Creating package script '/home/dhruv/rover_project/install/mobile_robot/share/mobile_robot/package.sh'
[7.418s] INFO:colcon.colcon_core.shell:Creating package script '/home/dhruv/rover_project/install/mobile_robot/share/mobile_robot/package.bash'
[7.418s] INFO:colcon.colcon_core.shell:Creating package script '/home/dhruv/rover_project/install/mobile_robot/share/mobile_robot/package.zsh'
[7.419s] Level 1:colcon.colcon_core.environment:create_file_with_runtime_dependencies(/home/dhruv/rover_project/install/mobile_robot/share/colcon-core/packages/mobile_robot)
[7.419s] DEBUG:colcon.colcon_parallel_executor.executor.parallel:closing loop
[7.420s] DEBUG:colcon.colcon_parallel_executor.executor.parallel:loop closed
[7.420s] DEBUG:colcon.colcon_parallel_executor.executor.parallel:run_until_complete finished with '0'
[7.420s] DEBUG:colcon.colcon_core.event_reactor:joining thread
[7.427s] INFO:colcon.colcon_core.plugin_system:Skipping extension 'colcon_notification.desktop_notification.terminal_notifier': Not used on non-Darwin systems
[7.427s] INFO:colcon.colcon_core.plugin_system:Skipping extension 'colcon_notification.desktop_notification.win32': Not used on non-Windows systems
[7.428s] INFO:colcon.colcon_notification.desktop_notification:Sending desktop notification using 'notify2'
[7.444s] DEBUG:colcon.colcon_core.event_reactor:joined thread
[7.444s] INFO:colcon.colcon_core.shell:Creating prefix script '/home/dhruv/rover_project/install/local_setup.ps1'
[7.446s] INFO:colcon.colcon_core.shell:Creating prefix util module '/home/dhruv/rover_project/install/_local_setup_util_ps1.py'
[7.448s] INFO:colcon.colcon_core.shell:Creating prefix chain script '/home/dhruv/rover_project/install/setup.ps1'
[7.449s] INFO:colcon.colcon_core.shell:Creating prefix script '/home/dhruv/rover_project/install/local_setup.sh'
[7.450s] INFO:colcon.colcon_core.shell:Creating prefix util module '/home/dhruv/rover_project/install/_local_setup_util_sh.py'
[7.451s] INFO:colcon.colcon_core.shell:Creating prefix chain script '/home/dhruv/rover_project/install/setup.sh'
[7.454s] INFO:colcon.colcon_core.shell:Creating prefix script '/home/dhruv/rover_project/install/local_setup.bash'
[7.454s] INFO:colcon.colcon_core.shell:Creating prefix chain script '/home/dhruv/rover_project/install/setup.bash'
[7.456s] INFO:colcon.colcon_core.shell:Creating prefix script '/home/dhruv/rover_project/install/local_setup.zsh'
[7.456s] INFO:colcon.colcon_core.shell:Creating prefix chain script '/home/dhruv/rover_project/install/setup.zsh'
