[0.009s] Invoking command in '/home/dhruv/rover_project/build/mobile_robot': CMAKE_PREFIX_PATH=/home/dhruv/rover_project/install/mobile_robot:/opt/ros/humble:/home/dhruv/robot/install/robot /usr/bin/cmake --build /home/dhruv/rover_project/build/mobile_robot -- -j16 -l16
[0.038s] -- Found ament_cmake: 1.3.11 (/opt/ros/humble/share/ament_cmake/cmake)
[0.109s] -- Override CMake install command with custom implementation using symlinks instead of copying resources
[0.116s] -- Found rclcpp: 16.0.11 (/opt/ros/humble/share/rclcpp/cmake)
[0.134s] -- Found rosidl_generator_c: 3.1.6 (/opt/ros/humble/share/rosidl_generator_c/cmake)
[0.135s] -- Found rosidl_adapter: 3.1.6 (/opt/ros/humble/share/rosidl_adapter/cmake)
[0.138s] -- Found rosidl_generator_cpp: 3.1.6 (/opt/ros/humble/share/rosidl_generator_cpp/cmake)
[0.143s] -- Using all available rosidl_typesupport_c: rosidl_typesupport_fastrtps_c;rosidl_typesupport_introspection_c
[0.149s] -- Using all available rosidl_typesupport_cpp: rosidl_typesupport_fastrtps_cpp;rosidl_typesupport_introspection_cpp
[0.166s] -- Found rmw_implementation_cmake: 6.1.2 (/opt/ros/humble/share/rmw_implementation_cmake/cmake)
[0.166s] -- Found rmw_fastrtps_cpp: 6.2.7 (/opt/ros/humble/share/rmw_fastrtps_cpp/cmake)
[0.244s] -- Using RMW implementation 'rmw_fastrtps_cpp' as default
[0.269s] -- Found sensor_msgs: 4.2.4 (/opt/ros/humble/share/sensor_msgs/cmake)
[0.284s] -- Found nav_msgs: 4.2.4 (/opt/ros/humble/share/nav_msgs/cmake)
[0.294s] -- Found ament_lint_auto: 0.12.11 (/opt/ros/humble/share/ament_lint_auto/cmake)
[0.342s] -- Added test 'cppcheck' to perform static code analysis on C / C++ code
[0.342s] -- Configured cppcheck include dirs: 
[0.342s] -- Configured cppcheck exclude dirs and/or files: 
[0.342s] -- Added test 'flake8' to check Python code syntax and style conventions
[0.342s] -- Added test 'lint_cmake' to check CMake code style
[0.342s] -- Added test 'pep257' to check Python code against some of the docstring style conventions in PEP 257
[0.343s] -- Added test 'uncrustify' to check C / C++ code style
[0.343s] -- Configured uncrustify additional arguments: 
[0.343s] -- Added test 'xmllint' to check XML markup files
[0.343s] -- Configuring done
[0.355s] -- Generating done
[0.359s] -- Build files have been written to: /home/dhruv/rover_project/build/mobile_robot
[0.391s] [35m[1mConsolidate compiler generated dependencies of target coordinate_input_node[0m
[0.391s] [35m[1mConsolidate compiler generated dependencies of target gps_subscriber[0m
[0.391s] [35m[1mConsolidate compiler generated dependencies of target rover_control_node[0m
[0.407s] [100%] Built target coordinate_input_node
[0.407s] [100%] Built target gps_subscriber
[0.407s] [100%] Built target rover_control_node
[0.417s] Invoked command in '/home/dhruv/rover_project/build/mobile_robot' returned '0': CMAKE_PREFIX_PATH=/home/dhruv/rover_project/install/mobile_robot:/opt/ros/humble:/home/dhruv/robot/install/robot /usr/bin/cmake --build /home/dhruv/rover_project/build/mobile_robot -- -j16 -l16
[0.426s] Invoking command in '/home/dhruv/rover_project/build/mobile_robot': CMAKE_PREFIX_PATH=/home/dhruv/rover_project/install/mobile_robot:/opt/ros/humble:/home/dhruv/robot/install/robot /usr/bin/cmake --install /home/dhruv/rover_project/build/mobile_robot
[0.437s] -- Install configuration: ""
[0.437s] -- Execute custom install script
[0.437s] -- Up-to-date symlink: /home/dhruv/rover_project/install/mobile_robot/lib/mobile_robot/coordinate_input_node
[0.437s] -- Up-to-date symlink: /home/dhruv/rover_project/install/mobile_robot/lib/mobile_robot/gps_subscriber
[0.437s] -- Up-to-date symlink: /home/dhruv/rover_project/install/mobile_robot/lib/mobile_robot/rover_control_node
[0.437s] -- Up-to-date symlink: /home/dhruv/rover_project/install/mobile_robot/share/mobile_robot/launch/launch/coordinate_input_launch.py
[0.438s] -- Up-to-date symlink: /home/dhruv/rover_project/install/mobile_robot/share/mobile_robot/launch/launch/gazebo_launch.py
[0.438s] -- Up-to-date symlink: /home/dhruv/rover_project/install/mobile_robot/share/mobile_robot/model/model/rover.gazebo
[0.438s] -- Up-to-date symlink: /home/dhruv/rover_project/install/mobile_robot/share/mobile_robot/model/model/rover.xacro
[0.438s] -- Up-to-date symlink: /home/dhruv/rover_project/install/mobile_robot/share/mobile_robot/model/model/world.world
[0.438s] -- Symlinking: /home/dhruv/rover_project/install/mobile_robot/share/mobile_robot/model/rover.gazebo
[0.448s] -- Symlinking: /home/dhruv/rover_project/install/mobile_robot/share/mobile_robot/model/rover.xacro
[0.457s] -- Symlinking: /home/dhruv/rover_project/install/mobile_robot/share/mobile_robot/model/world.world
[0.468s] -- Symlinking: /home/dhruv/rover_project/install/mobile_robot/share/ament_index/resource_index/package_run_dependencies/mobile_robot
[0.483s] -- Symlinking: /home/dhruv/rover_project/install/mobile_robot/share/ament_index/resource_index/parent_prefix_path/mobile_robot
[0.491s] -- Symlinking: /home/dhruv/rover_project/install/mobile_robot/share/mobile_robot/environment/ament_prefix_path.sh
[0.498s] -- Symlinking: /home/dhruv/rover_project/install/mobile_robot/share/mobile_robot/environment/ament_prefix_path.dsv
[0.505s] -- Symlinking: /home/dhruv/rover_project/install/mobile_robot/share/mobile_robot/environment/path.sh
[0.514s] -- Symlinking: /home/dhruv/rover_project/install/mobile_robot/share/mobile_robot/environment/path.dsv
[0.524s] -- Symlinking: /home/dhruv/rover_project/install/mobile_robot/share/mobile_robot/local_setup.bash
[0.533s] -- Symlinking: /home/dhruv/rover_project/install/mobile_robot/share/mobile_robot/local_setup.sh
[0.544s] -- Symlinking: /home/dhruv/rover_project/install/mobile_robot/share/mobile_robot/local_setup.zsh
[0.551s] -- Symlinking: /home/dhruv/rover_project/install/mobile_robot/share/mobile_robot/local_setup.dsv
[0.558s] -- Symlinking: /home/dhruv/rover_project/install/mobile_robot/share/mobile_robot/package.dsv
[0.565s] -- Symlinking: /home/dhruv/rover_project/install/mobile_robot/share/ament_index/resource_index/packages/mobile_robot
[0.572s] -- Symlinking: /home/dhruv/rover_project/install/mobile_robot/share/mobile_robot/cmake/mobile_robotConfig.cmake
[0.580s] -- Symlinking: /home/dhruv/rover_project/install/mobile_robot/share/mobile_robot/cmake/mobile_robotConfig-version.cmake
[0.586s] -- Symlinking: /home/dhruv/rover_project/install/mobile_robot/share/mobile_robot/package.xml
[0.596s] Invoked command in '/home/dhruv/rover_project/build/mobile_robot' returned '0': CMAKE_PREFIX_PATH=/home/dhruv/rover_project/install/mobile_robot:/opt/ros/humble:/home/dhruv/robot/install/robot /usr/bin/cmake --install /home/dhruv/rover_project/build/mobile_robot
