[0.009s] Invoking command in '/home/dhruv/rover_project/build/mobile_robot': CMAKE_PREFIX_PATH=${CMAKE_PREFIX_PATH}:/opt/ros/humble /usr/bin/cmake /home/dhruv/rover_project/src/mobile_robot -DAMENT_CMAKE_SYMLINK_INSTALL=1 -DCMAKE_INSTALL_PREFIX=/home/dhruv/rover_project/install/mobile_robot
[0.019s] -- Found ament_cmake: 1.3.11 (/opt/ros/humble/share/ament_cmake/cmake)
[0.096s] -- Override CMake install command with custom implementation using symlinks instead of copying resources
[0.101s] -- Found rclcpp: 16.0.11 (/opt/ros/humble/share/rclcpp/cmake)
[0.118s] -- Found rosidl_generator_c: 3.1.6 (/opt/ros/humble/share/rosidl_generator_c/cmake)
[0.119s] -- Found rosidl_adapter: 3.1.6 (/opt/ros/humble/share/rosidl_adapter/cmake)
[0.125s] -- Found rosidl_generator_cpp: 3.1.6 (/opt/ros/humble/share/rosidl_generator_cpp/cmake)
[0.130s] -- Using all available rosidl_typesupport_c: rosidl_typesupport_fastrtps_c;rosidl_typesupport_introspection_c
[0.136s] -- Using all available rosidl_typesupport_cpp: rosidl_typesupport_fastrtps_cpp;rosidl_typesupport_introspection_cpp
[0.153s] -- Found rmw_implementation_cmake: 6.1.2 (/opt/ros/humble/share/rmw_implementation_cmake/cmake)
[0.154s] -- Found rmw_fastrtps_cpp: 6.2.7 (/opt/ros/humble/share/rmw_fastrtps_cpp/cmake)
[0.226s] -- Using RMW implementation 'rmw_fastrtps_cpp' as default
[0.255s] -- Found sensor_msgs: 4.2.4 (/opt/ros/humble/share/sensor_msgs/cmake)
[0.269s] -- Found nav_msgs: 4.2.4 (/opt/ros/humble/share/nav_msgs/cmake)
[0.278s] -- Found tf2_geometry_msgs: 0.25.11 (/opt/ros/humble/share/tf2_geometry_msgs/cmake)
[0.280s] -- Found eigen3_cmake_module: 0.1.1 (/opt/ros/humble/share/eigen3_cmake_module/cmake)
[0.280s] -- Ensuring Eigen3 include directory is part of orocos-kdl CMake target
[0.323s] -- Found visualization_msgs: 4.2.4 (/opt/ros/humble/share/visualization_msgs/cmake)
[0.334s] -- Found rviz2: 11.2.16 (/opt/ros/humble/share/rviz2/cmake)
[0.337s] -- Found ament_lint_auto: 0.12.11 (/opt/ros/humble/share/ament_lint_auto/cmake)
[0.386s] -- Added test 'cppcheck' to perform static code analysis on C / C++ code
[0.386s] -- Configured cppcheck include dirs: 
[0.386s] -- Configured cppcheck exclude dirs and/or files: 
[0.386s] -- Added test 'flake8' to check Python code syntax and style conventions
[0.386s] -- Added test 'lint_cmake' to check CMake code style
[0.386s] -- Added test 'pep257' to check Python code against some of the docstring style conventions in PEP 257
[0.387s] -- Added test 'uncrustify' to check C / C++ code style
[0.387s] -- Configured uncrustify additional arguments: 
[0.387s] -- Added test 'xmllint' to check XML markup files
[0.388s] -- Configuring done
[0.404s] -- Generating done
[0.409s] -- Build files have been written to: /home/dhruv/rover_project/build/mobile_robot
[0.420s] Invoked command in '/home/dhruv/rover_project/build/mobile_robot' returned '0': CMAKE_PREFIX_PATH=${CMAKE_PREFIX_PATH}:/opt/ros/humble /usr/bin/cmake /home/dhruv/rover_project/src/mobile_robot -DAMENT_CMAKE_SYMLINK_INSTALL=1 -DCMAKE_INSTALL_PREFIX=/home/dhruv/rover_project/install/mobile_robot
[0.423s] Invoking command in '/home/dhruv/rover_project/build/mobile_robot': CMAKE_PREFIX_PATH=${CMAKE_PREFIX_PATH}:/opt/ros/humble /usr/bin/cmake --build /home/dhruv/rover_project/build/mobile_robot -- -j16 -l16
[0.480s] [35m[1mConsolidate compiler generated dependencies of target gps_subscriber[0m
[0.480s] [35m[1mConsolidate compiler generated dependencies of target coordinate_input_node[0m
[0.480s] [35m[1mConsolidate compiler generated dependencies of target obstacle_avoidance[0m
[0.480s] [35m[1mConsolidate compiler generated dependencies of target rover_control_node[0m
[0.496s] [ 50%] [32m[1mLinking CXX executable coordinate_input_node[0m
[0.496s] [ 50%] [32m[1mLinking CXX executable rover_control_node[0m
[0.496s] [ 50%] [32m[1mLinking CXX executable gps_subscriber[0m
[0.496s] [ 50%] [32m[1mLinking CXX executable obstacle_avoidance[0m
[1.036s] [ 62%] Built target gps_subscriber
[1.067s] [ 75%] Built target coordinate_input_node
[1.074s] [ 87%] Built target obstacle_avoidance
[1.391s] [100%] Built target rover_control_node
[1.402s] Invoked command in '/home/dhruv/rover_project/build/mobile_robot' returned '0': CMAKE_PREFIX_PATH=${CMAKE_PREFIX_PATH}:/opt/ros/humble /usr/bin/cmake --build /home/dhruv/rover_project/build/mobile_robot -- -j16 -l16
[1.412s] Invoking command in '/home/dhruv/rover_project/build/mobile_robot': CMAKE_PREFIX_PATH=${CMAKE_PREFIX_PATH}:/opt/ros/humble /usr/bin/cmake --install /home/dhruv/rover_project/build/mobile_robot
[1.418s] -- Install configuration: ""
[1.418s] -- Execute custom install script
[1.418s] -- Symlinking: /home/dhruv/rover_project/install/mobile_robot/lib/mobile_robot/coordinate_input_node
[1.426s] -- Symlinking: /home/dhruv/rover_project/install/mobile_robot/lib/mobile_robot/gps_subscriber
[1.435s] -- Symlinking: /home/dhruv/rover_project/install/mobile_robot/lib/mobile_robot/rover_control_node
[1.448s] -- Symlinking: /home/dhruv/rover_project/install/mobile_robot/lib/mobile_robot/obstacle_avoidance
[1.458s] -- Symlinking: /home/dhruv/rover_project/install/mobile_robot/share/mobile_robot/launch/coordinate_input_launch.py
[1.465s] -- Symlinking: /home/dhruv/rover_project/install/mobile_robot/share/mobile_robot/launch/gazebo_launch.py
[1.472s] -- Symlinking: /home/dhruv/rover_project/install/mobile_robot/share/mobile_robot/launch/rviz_launch.py
[1.479s] -- Symlinking: /home/dhruv/rover_project/install/mobile_robot/share/mobile_robot/launch/rover.rviz
[1.487s] -- Symlinking: /home/dhruv/rover_project/install/mobile_robot/share/mobile_robot/launch/rover_config.rviz
[1.495s] -- Symlinking: /home/dhruv/rover_project/install/mobile_robot/share/mobile_robot/model/rover.gazebo
[1.502s] -- Symlinking: /home/dhruv/rover_project/install/mobile_robot/share/mobile_robot/model/rover.xacro
[1.509s] -- Symlinking: /home/dhruv/rover_project/install/mobile_robot/share/mobile_robot/model/world.world
[1.517s] -- Symlinking: /home/dhruv/rover_project/install/mobile_robot/share/mobile_robot/rviz/rover.rviz
[1.525s] -- Symlinking: /home/dhruv/rover_project/install/mobile_robot/share/mobile_robot/rviz/rover_config.rviz
[1.532s] -- Symlinking: /home/dhruv/rover_project/install/mobile_robot/share/ament_index/resource_index/package_run_dependencies/mobile_robot
[1.540s] -- Symlinking: /home/dhruv/rover_project/install/mobile_robot/share/ament_index/resource_index/parent_prefix_path/mobile_robot
[1.554s] -- Symlinking: /home/dhruv/rover_project/install/mobile_robot/share/mobile_robot/environment/ament_prefix_path.sh
[1.567s] -- Symlinking: /home/dhruv/rover_project/install/mobile_robot/share/mobile_robot/environment/ament_prefix_path.dsv
[1.580s] -- Symlinking: /home/dhruv/rover_project/install/mobile_robot/share/mobile_robot/environment/path.sh
[1.590s] -- Symlinking: /home/dhruv/rover_project/install/mobile_robot/share/mobile_robot/environment/path.dsv
[1.598s] -- Symlinking: /home/dhruv/rover_project/install/mobile_robot/share/mobile_robot/local_setup.bash
[1.608s] -- Symlinking: /home/dhruv/rover_project/install/mobile_robot/share/mobile_robot/local_setup.sh
[1.619s] -- Symlinking: /home/dhruv/rover_project/install/mobile_robot/share/mobile_robot/local_setup.zsh
[1.632s] -- Symlinking: /home/dhruv/rover_project/install/mobile_robot/share/mobile_robot/local_setup.dsv
[1.645s] -- Symlinking: /home/dhruv/rover_project/install/mobile_robot/share/mobile_robot/package.dsv
[1.656s] -- Symlinking: /home/dhruv/rover_project/install/mobile_robot/share/ament_index/resource_index/packages/mobile_robot
[1.665s] -- Symlinking: /home/dhruv/rover_project/install/mobile_robot/share/mobile_robot/cmake/mobile_robotConfig.cmake
[1.674s] -- Symlinking: /home/dhruv/rover_project/install/mobile_robot/share/mobile_robot/cmake/mobile_robotConfig-version.cmake
[1.684s] -- Symlinking: /home/dhruv/rover_project/install/mobile_robot/share/mobile_robot/package.xml
[1.697s] Invoked command in '/home/dhruv/rover_project/build/mobile_robot' returned '0': CMAKE_PREFIX_PATH=${CMAKE_PREFIX_PATH}:/opt/ros/humble /usr/bin/cmake --install /home/dhruv/rover_project/build/mobile_robot
