[0.011s] Invoking command in '/home/dhruv/rover_project/build/mobile_robot': CMAKE_PREFIX_PATH=/opt/ros/humble /usr/bin/cmake /home/dhruv/rover_project/src/mobile_robot -DCMAKE_INSTALL_PREFIX=/home/dhruv/rover_project/install/mobile_robot
[0.112s] -- The C compiler identification is GNU 11.4.0
[0.195s] -- The CXX compiler identification is GNU 11.4.0
[0.210s] -- Detecting C compiler ABI info
[0.304s] -- Detecting C compiler ABI info - done
[0.308s] -- Check for working C compiler: /usr/bin/cc - skipped
[0.309s] -- Detecting C compile features
[0.310s] -- Detecting C compile features - done
[0.314s] -- Detecting CXX compiler ABI info
[0.421s] -- Detecting CXX compiler ABI info - done
[0.432s] -- Check for working CXX compiler: /usr/bin/c++ - skipped
[0.432s] -- Detecting CXX compile features
[0.433s] -- Detecting CXX compile features - done
[0.442s] -- Found ament_cmake: 1.3.11 (/opt/ros/humble/share/ament_cmake/cmake)
[0.594s] -- Found Python3: /usr/bin/python3 (found version "3.10.12") found components: Interpreter 
[0.684s] -- Found rclcpp: 16.0.11 (/opt/ros/humble/share/rclcpp/cmake)
[0.719s] -- Found rosidl_generator_c: 3.1.6 (/opt/ros/humble/share/rosidl_generator_c/cmake)
[0.724s] -- Found rosidl_adapter: 3.1.6 (/opt/ros/humble/share/rosidl_adapter/cmake)
[0.732s] -- Found rosidl_generator_cpp: 3.1.6 (/opt/ros/humble/share/rosidl_generator_cpp/cmake)
[0.745s] -- Using all available rosidl_typesupport_c: rosidl_typesupport_fastrtps_c;rosidl_typesupport_introspection_c
[0.758s] -- Using all available rosidl_typesupport_cpp: rosidl_typesupport_fastrtps_cpp;rosidl_typesupport_introspection_cpp
[0.793s] -- Found rmw_implementation_cmake: 6.1.2 (/opt/ros/humble/share/rmw_implementation_cmake/cmake)
[0.795s] -- Found rmw_fastrtps_cpp: 6.2.7 (/opt/ros/humble/share/rmw_fastrtps_cpp/cmake)
[0.893s] -- Found OpenSSL: /usr/lib/x86_64-linux-gnu/libcrypto.so (found version "3.0.2")  
[0.924s] -- Found FastRTPS: /opt/ros/humble/include  
[0.978s] -- Using RMW implementation 'rmw_fastrtps_cpp' as default
[0.989s] -- Looking for pthread.h
[1.099s] -- Looking for pthread.h - found
[1.099s] -- Performing Test CMAKE_HAVE_LIBC_PTHREAD
[1.205s] -- Performing Test CMAKE_HAVE_LIBC_PTHREAD - Success
[1.206s] -- Found Threads: TRUE  
[1.253s] -- Found sensor_msgs: 4.2.4 (/opt/ros/humble/share/sensor_msgs/cmake)
[1.279s] -- Found nav_msgs: 4.2.4 (/opt/ros/humble/share/nav_msgs/cmake)
[1.292s] -- Found tf2_geometry_msgs: 0.25.11 (/opt/ros/humble/share/tf2_geometry_msgs/cmake)
[1.311s] -- Found eigen3_cmake_module: 0.1.1 (/opt/ros/humble/share/eigen3_cmake_module/cmake)
[1.316s] -- Found Eigen3: TRUE (found version "3.4.0") 
[1.316s] -- Ensuring Eigen3 include directory is part of orocos-kdl CMake target
[1.408s] -- Found visualization_msgs: 4.2.4 (/opt/ros/humble/share/visualization_msgs/cmake)
[1.423s] -- Found rviz2: 11.2.16 (/opt/ros/humble/share/rviz2/cmake)
[1.427s] -- Found ament_lint_auto: 0.12.11 (/opt/ros/humble/share/ament_lint_auto/cmake)
[1.503s] -- Added test 'cppcheck' to perform static code analysis on C / C++ code
[1.503s] -- Configured cppcheck include dirs: 
[1.503s] -- Configured cppcheck exclude dirs and/or files: 
[1.503s] -- Added test 'flake8' to check Python code syntax and style conventions
[1.504s] -- Added test 'lint_cmake' to check CMake code style
[1.504s] -- Added test 'pep257' to check Python code against some of the docstring style conventions in PEP 257
[1.505s] -- Added test 'uncrustify' to check C / C++ code style
[1.505s] -- Configured uncrustify additional arguments: 
[1.506s] -- Added test 'xmllint' to check XML markup files
[1.507s] -- Configuring done
[1.527s] -- Generating done
[1.535s] -- Build files have been written to: /home/dhruv/rover_project/build/mobile_robot
[1.561s] Invoked command in '/home/dhruv/rover_project/build/mobile_robot' returned '0': CMAKE_PREFIX_PATH=/opt/ros/humble /usr/bin/cmake /home/dhruv/rover_project/src/mobile_robot -DCMAKE_INSTALL_PREFIX=/home/dhruv/rover_project/install/mobile_robot
[1.565s] Invoking command in '/home/dhruv/rover_project/build/mobile_robot': CMAKE_PREFIX_PATH=/opt/ros/humble /usr/bin/cmake --build /home/dhruv/rover_project/build/mobile_robot -- -j16 -l16
[1.640s] [ 50%] [32mBuilding CXX object CMakeFiles/coordinate_input_node.dir/src/coordinate_input_node.cpp.o[0m
[1.640s] [ 50%] [32mBuilding CXX object CMakeFiles/gps_subscriber.dir/src/gps_subscriber.cpp.o[0m
[1.640s] [ 50%] [32mBuilding CXX object CMakeFiles/rover_control_node.dir/src/rover_control_node.cpp.o[0m
[1.640s] [ 50%] [32mBuilding CXX object CMakeFiles/obstacle_avoidance.dir/src/obstacle_avoidance.cpp.o[0m
[7.726s] [ 62%] [32m[1mLinking CXX executable gps_subscriber[0m
[7.860s] [ 75%] [32m[1mLinking CXX executable coordinate_input_node[0m
[7.865s] [ 87%] [32m[1mLinking CXX executable obstacle_avoidance[0m
[8.085s] [ 87%] Built target gps_subscriber
[8.167s] [ 87%] Built target coordinate_input_node
[8.199s] [ 87%] Built target obstacle_avoidance
[11.542s] [100%] [32m[1mLinking CXX executable rover_control_node[0m
[12.006s] [100%] Built target rover_control_node
[12.018s] Invoked command in '/home/dhruv/rover_project/build/mobile_robot' returned '0': CMAKE_PREFIX_PATH=/opt/ros/humble /usr/bin/cmake --build /home/dhruv/rover_project/build/mobile_robot -- -j16 -l16
[12.026s] Invoking command in '/home/dhruv/rover_project/build/mobile_robot': CMAKE_PREFIX_PATH=/opt/ros/humble /usr/bin/cmake --install /home/dhruv/rover_project/build/mobile_robot
[12.031s] -- Install configuration: ""
[12.031s] -- Installing: /home/dhruv/rover_project/install/mobile_robot/lib/mobile_robot/coordinate_input_node
[12.034s] -- Set runtime path of "/home/dhruv/rover_project/install/mobile_robot/lib/mobile_robot/coordinate_input_node" to ""
[12.034s] -- Installing: /home/dhruv/rover_project/install/mobile_robot/lib/mobile_robot/gps_subscriber
[12.036s] -- Set runtime path of "/home/dhruv/rover_project/install/mobile_robot/lib/mobile_robot/gps_subscriber" to ""
[12.036s] -- Installing: /home/dhruv/rover_project/install/mobile_robot/lib/mobile_robot/rover_control_node
[12.041s] -- Set runtime path of "/home/dhruv/rover_project/install/mobile_robot/lib/mobile_robot/rover_control_node" to ""
[12.041s] -- Installing: /home/dhruv/rover_project/install/mobile_robot/lib/mobile_robot/obstacle_avoidance
[12.044s] -- Set runtime path of "/home/dhruv/rover_project/install/mobile_robot/lib/mobile_robot/obstacle_avoidance" to ""
[12.044s] -- Installing: /home/dhruv/rover_project/install/mobile_robot/share/mobile_robot/launch
[12.044s] -- Installing: /home/dhruv/rover_project/install/mobile_robot/share/mobile_robot/launch/coordinate_input_launch.py
[12.044s] -- Installing: /home/dhruv/rover_project/install/mobile_robot/share/mobile_robot/launch/gazebo_launch.py
[12.044s] -- Installing: /home/dhruv/rover_project/install/mobile_robot/share/mobile_robot/model
[12.044s] -- Installing: /home/dhruv/rover_project/install/mobile_robot/share/mobile_robot/model/rover.gazebo
[12.044s] -- Installing: /home/dhruv/rover_project/install/mobile_robot/share/mobile_robot/model/rover.xacro
[12.045s] -- Installing: /home/dhruv/rover_project/install/mobile_robot/share/mobile_robot/model/world.world
[12.045s] -- Installing: /home/dhruv/rover_project/install/mobile_robot/share/mobile_robot/rviz
[12.045s] -- Installing: /home/dhruv/rover_project/install/mobile_robot/share/mobile_robot/rviz/rover.rviz
[12.045s] -- Installing: /home/dhruv/rover_project/install/mobile_robot/share/ament_index/resource_index/package_run_dependencies/mobile_robot
[12.045s] -- Installing: /home/dhruv/rover_project/install/mobile_robot/share/ament_index/resource_index/parent_prefix_path/mobile_robot
[12.045s] -- Installing: /home/dhruv/rover_project/install/mobile_robot/share/mobile_robot/environment/ament_prefix_path.sh
[12.045s] -- Installing: /home/dhruv/rover_project/install/mobile_robot/share/mobile_robot/environment/ament_prefix_path.dsv
[12.045s] -- Installing: /home/dhruv/rover_project/install/mobile_robot/share/mobile_robot/environment/path.sh
[12.045s] -- Installing: /home/dhruv/rover_project/install/mobile_robot/share/mobile_robot/environment/path.dsv
[12.045s] -- Installing: /home/dhruv/rover_project/install/mobile_robot/share/mobile_robot/local_setup.bash
[12.045s] -- Installing: /home/dhruv/rover_project/install/mobile_robot/share/mobile_robot/local_setup.sh
[12.045s] -- Installing: /home/dhruv/rover_project/install/mobile_robot/share/mobile_robot/local_setup.zsh
[12.045s] -- Installing: /home/dhruv/rover_project/install/mobile_robot/share/mobile_robot/local_setup.dsv
[12.046s] -- Installing: /home/dhruv/rover_project/install/mobile_robot/share/mobile_robot/package.dsv
[12.046s] -- Installing: /home/dhruv/rover_project/install/mobile_robot/share/ament_index/resource_index/packages/mobile_robot
[12.046s] -- Installing: /home/dhruv/rover_project/install/mobile_robot/share/mobile_robot/cmake/mobile_robotConfig.cmake
[12.046s] -- Installing: /home/dhruv/rover_project/install/mobile_robot/share/mobile_robot/cmake/mobile_robotConfig-version.cmake
[12.046s] -- Installing: /home/dhruv/rover_project/install/mobile_robot/share/mobile_robot/package.xml
[12.049s] Invoked command in '/home/dhruv/rover_project/build/mobile_robot' returned '0': CMAKE_PREFIX_PATH=/opt/ros/humble /usr/bin/cmake --install /home/dhruv/rover_project/build/mobile_robot
