-- Found ament_cmake: 1.3.11 (/opt/ros/humble/share/ament_cmake/cmake)
-- Found rclcpp: 16.0.11 (/opt/ros/humble/share/rclcpp/cmake)
-- Found rosidl_generator_c: 3.1.6 (/opt/ros/humble/share/rosidl_generator_c/cmake)
-- Found rosidl_adapter: 3.1.6 (/opt/ros/humble/share/rosidl_adapter/cmake)
-- Found rosidl_generator_cpp: 3.1.6 (/opt/ros/humble/share/rosidl_generator_cpp/cmake)
-- Using all available rosidl_typesupport_c: rosidl_typesupport_fastrtps_c;rosidl_typesupport_introspection_c
-- Using all available rosidl_typesupport_cpp: rosidl_typesupport_fastrtps_cpp;rosidl_typesupport_introspection_cpp
-- Found rmw_implementation_cmake: 6.1.2 (/opt/ros/humble/share/rmw_implementation_cmake/cmake)
-- Found rmw_fastrtps_cpp: 6.2.7 (/opt/ros/humble/share/rmw_fastrtps_cpp/cmake)
-- Found OpenSSL: /usr/lib/x86_64-linux-gnu/libcrypto.so (found version "3.0.2")  
-- Found FastRTPS: /opt/ros/humble/include  
-- Using RMW implementation 'rmw_fastrtps_cpp' as default
-- Looking for pthread.h
-- Looking for pthread.h - found
-- Performing Test CMAKE_HAVE_LIBC_PTHREAD
-- Performing Test CMAKE_HAVE_LIBC_PTHREAD - Success
-- Found Threads: TRUE  
-- Found sensor_msgs: 4.2.4 (/opt/ros/humble/share/sensor_msgs/cmake)
-- Found nav_msgs: 4.2.4 (/opt/ros/humble/share/nav_msgs/cmake)
-- Found ament_lint_auto: 0.12.11 (/opt/ros/humble/share/ament_lint_auto/cmake)
-- Added test 'cppcheck' to perform static code analysis on C / C++ code
-- Configured cppcheck include dirs: 
-- Configured cppcheck exclude dirs and/or files: 
-- Added test 'flake8' to check Python code syntax and style conventions
-- Added test 'lint_cmake' to check CMake code style
-- Added test 'pep257' to check Python code against some of the docstring style conventions in PEP 257
-- Added test 'uncrustify' to check C / C++ code style
-- Configured uncrustify additional arguments: 
-- Added test 'xmllint' to check XML markup files
-- Configuring done
-- Generating done
-- Build files have been written to: /home/dhruv/rover_project/build/mobile_robot
[ 50%] [32mBuilding CXX object CMakeFiles/rover_control_node.dir/src/rover_control_node.cpp.o[0m
[ 50%] [32mBuilding CXX object CMakeFiles/gps_subscriber.dir/src/gps_subscriber.cpp.o[0m
[ 50%] [32mBuilding CXX object CMakeFiles/coordinate_input_node.dir/src/coordinate_input_node.cpp.o[0m
[ 66%] [32m[1mLinking CXX executable coordinate_input_node[0m
[ 66%] Built target coordinate_input_node
[ 83%] [32m[1mLinking CXX executable gps_subscriber[0m
[100%] [32m[1mLinking CXX executable rover_control_node[0m
[100%] Built target gps_subscriber
[100%] Built target rover_control_node
-- Install configuration: ""
-- Installing: /home/dhruv/rover_project/install/mobile_robot/lib/mobile_robot/coordinate_input_node
-- Set runtime path of "/home/dhruv/rover_project/install/mobile_robot/lib/mobile_robot/coordinate_input_node" to ""
-- Installing: /home/dhruv/rover_project/install/mobile_robot/lib/mobile_robot/gps_subscriber
-- Set runtime path of "/home/dhruv/rover_project/install/mobile_robot/lib/mobile_robot/gps_subscriber" to ""
-- Installing: /home/dhruv/rover_project/install/mobile_robot/lib/mobile_robot/rover_control_node
-- Set runtime path of "/home/dhruv/rover_project/install/mobile_robot/lib/mobile_robot/rover_control_node" to ""
-- Installing: /home/dhruv/rover_project/install/mobile_robot/share/mobile_robot/launch
-- Installing: /home/dhruv/rover_project/install/mobile_robot/share/mobile_robot/launch/coordinate_input_launch.py
-- Installing: /home/dhruv/rover_project/install/mobile_robot/share/mobile_robot/launch/gazebo_launch.py
-- Installing: /home/dhruv/rover_project/install/mobile_robot/share/mobile_robot/model
-- Installing: /home/dhruv/rover_project/install/mobile_robot/share/mobile_robot/model/rover.gazebo
-- Installing: /home/dhruv/rover_project/install/mobile_robot/share/mobile_robot/model/rover.xacro
-- Installing: /home/dhruv/rover_project/install/mobile_robot/share/mobile_robot/model/world.world
-- Installing: /home/dhruv/rover_project/install/mobile_robot/install/mobile_robot/launch
-- Installing: /home/dhruv/rover_project/install/mobile_robot/install/mobile_robot/launch/coordinate_input_launch.py
-- Installing: /home/dhruv/rover_project/install/mobile_robot/install/mobile_robot/launch/gazebo_launch.py
-- Installing: /home/dhruv/rover_project/install/mobile_robot/install/mobile_robot/model
-- Installing: /home/dhruv/rover_project/install/mobile_robot/install/mobile_robot/model/rover.gazebo
-- Installing: /home/dhruv/rover_project/install/mobile_robot/install/mobile_robot/model/rover.xacro
-- Installing: /home/dhruv/rover_project/install/mobile_robot/install/mobile_robot/model/world.world
-- Installing: /home/dhruv/rover_project/install/mobile_robot/share/ament_index/resource_index/package_run_dependencies/mobile_robot
-- Up-to-date: /home/dhruv/rover_project/install/mobile_robot/share/ament_index/resource_index/parent_prefix_path/mobile_robot
-- Up-to-date: /home/dhruv/rover_project/install/mobile_robot/share/mobile_robot/environment/ament_prefix_path.sh
-- Installing: /home/dhruv/rover_project/install/mobile_robot/share/mobile_robot/environment/ament_prefix_path.dsv
-- Up-to-date: /home/dhruv/rover_project/install/mobile_robot/share/mobile_robot/environment/path.sh
-- Installing: /home/dhruv/rover_project/install/mobile_robot/share/mobile_robot/environment/path.dsv
-- Up-to-date: /home/dhruv/rover_project/install/mobile_robot/share/mobile_robot/local_setup.bash
-- Up-to-date: /home/dhruv/rover_project/install/mobile_robot/share/mobile_robot/local_setup.sh
-- Up-to-date: /home/dhruv/rover_project/install/mobile_robot/share/mobile_robot/local_setup.zsh
-- Installing: /home/dhruv/rover_project/install/mobile_robot/share/mobile_robot/local_setup.dsv
-- Installing: /home/dhruv/rover_project/install/mobile_robot/share/mobile_robot/package.dsv
-- Up-to-date: /home/dhruv/rover_project/install/mobile_robot/share/ament_index/resource_index/packages/mobile_robot
-- Installing: /home/dhruv/rover_project/install/mobile_robot/share/mobile_robot/cmake/mobile_robotConfig.cmake
-- Installing: /home/dhruv/rover_project/install/mobile_robot/share/mobile_robot/cmake/mobile_robotConfig-version.cmake
-- Installing: /home/dhruv/rover_project/install/mobile_robot/share/mobile_robot/package.xml
