[0.009s] Invoking command in '/home/dhruv/rover_project/build/mobile_robot': CMAKE_PREFIX_PATH=/opt/ros/humble /usr/bin/cmake --build /home/dhruv/rover_project/build/mobile_robot -- -j16 -l16
[0.034s] -- Found ament_cmake: 1.3.11 (/opt/ros/humble/share/ament_cmake/cmake)
[0.109s] -- Found rclcpp: 16.0.11 (/opt/ros/humble/share/rclcpp/cmake)
[0.134s] -- Found rosidl_generator_c: 3.1.6 (/opt/ros/humble/share/rosidl_generator_c/cmake)
[0.136s] -- Found rosidl_adapter: 3.1.6 (/opt/ros/humble/share/rosidl_adapter/cmake)
[0.140s] -- Found rosidl_generator_cpp: 3.1.6 (/opt/ros/humble/share/rosidl_generator_cpp/cmake)
[0.147s] -- Using all available rosidl_typesupport_c: rosidl_typesupport_fastrtps_c;rosidl_typesupport_introspection_c
[0.155s] -- Using all available rosidl_typesupport_cpp: rosidl_typesupport_fastrtps_cpp;rosidl_typesupport_introspection_cpp
[0.177s] -- Found rmw_implementation_cmake: 6.1.2 (/opt/ros/humble/share/rmw_implementation_cmake/cmake)
[0.178s] -- Found rmw_fastrtps_cpp: 6.2.7 (/opt/ros/humble/share/rmw_fastrtps_cpp/cmake)
[0.251s] -- Found OpenSSL: /usr/lib/x86_64-linux-gnu/libcrypto.so (found version "3.0.2")  
[0.270s] -- Found FastRTPS: /opt/ros/humble/include  
[0.297s] -- Using RMW implementation 'rmw_fastrtps_cpp' as default
[0.301s] -- Looking for pthread.h
[0.375s] -- Looking for pthread.h - found
[0.375s] -- Performing Test CMAKE_HAVE_LIBC_PTHREAD
[0.448s] -- Performing Test CMAKE_HAVE_LIBC_PTHREAD - Success
[0.450s] -- Found Threads: TRUE  
[0.493s] -- Found sensor_msgs: 4.2.4 (/opt/ros/humble/share/sensor_msgs/cmake)
[0.509s] -- Found nav_msgs: 4.2.4 (/opt/ros/humble/share/nav_msgs/cmake)
[0.519s] -- Found ament_lint_auto: 0.12.11 (/opt/ros/humble/share/ament_lint_auto/cmake)
[0.566s] -- Added test 'cppcheck' to perform static code analysis on C / C++ code
[0.566s] -- Configured cppcheck include dirs: 
[0.566s] -- Configured cppcheck exclude dirs and/or files: 
[0.567s] -- Added test 'flake8' to check Python code syntax and style conventions
[0.567s] -- Added test 'lint_cmake' to check CMake code style
[0.567s] -- Added test 'pep257' to check Python code against some of the docstring style conventions in PEP 257
[0.568s] -- Added test 'uncrustify' to check C / C++ code style
[0.568s] -- Configured uncrustify additional arguments: 
[0.568s] -- Added test 'xmllint' to check XML markup files
[0.569s] -- Configuring done
[0.579s] -- Generating done
[0.583s] -- Build files have been written to: /home/dhruv/rover_project/build/mobile_robot
[0.619s] [ 50%] [32mBuilding CXX object CMakeFiles/rover_control_node.dir/src/rover_control_node.cpp.o[0m
[0.619s] [ 50%] [32mBuilding CXX object CMakeFiles/gps_subscriber.dir/src/gps_subscriber.cpp.o[0m
[0.619s] [ 50%] [32mBuilding CXX object CMakeFiles/coordinate_input_node.dir/src/coordinate_input_node.cpp.o[0m
[4.199s] [ 66%] [32m[1mLinking CXX executable coordinate_input_node[0m
[4.321s] [ 66%] Built target coordinate_input_node
[6.699s] [ 83%] [32m[1mLinking CXX executable gps_subscriber[0m
[6.847s] [100%] [32m[1mLinking CXX executable rover_control_node[0m
[6.940s] [100%] Built target gps_subscriber
[7.082s] [100%] Built target rover_control_node
[7.091s] Invoked command in '/home/dhruv/rover_project/build/mobile_robot' returned '0': CMAKE_PREFIX_PATH=/opt/ros/humble /usr/bin/cmake --build /home/dhruv/rover_project/build/mobile_robot -- -j16 -l16
[7.099s] Invoking command in '/home/dhruv/rover_project/build/mobile_robot': CMAKE_PREFIX_PATH=/opt/ros/humble /usr/bin/cmake --install /home/dhruv/rover_project/build/mobile_robot
[7.103s] -- Install configuration: ""
[7.104s] -- Installing: /home/dhruv/rover_project/install/mobile_robot/lib/mobile_robot/coordinate_input_node
[7.104s] -- Set runtime path of "/home/dhruv/rover_project/install/mobile_robot/lib/mobile_robot/coordinate_input_node" to ""
[7.104s] -- Installing: /home/dhruv/rover_project/install/mobile_robot/lib/mobile_robot/gps_subscriber
[7.107s] -- Set runtime path of "/home/dhruv/rover_project/install/mobile_robot/lib/mobile_robot/gps_subscriber" to ""
[7.107s] -- Installing: /home/dhruv/rover_project/install/mobile_robot/lib/mobile_robot/rover_control_node
[7.110s] -- Set runtime path of "/home/dhruv/rover_project/install/mobile_robot/lib/mobile_robot/rover_control_node" to ""
[7.110s] -- Installing: /home/dhruv/rover_project/install/mobile_robot/share/mobile_robot/launch
[7.110s] -- Installing: /home/dhruv/rover_project/install/mobile_robot/share/mobile_robot/launch/coordinate_input_launch.py
[7.110s] -- Installing: /home/dhruv/rover_project/install/mobile_robot/share/mobile_robot/launch/gazebo_launch.py
[7.110s] -- Installing: /home/dhruv/rover_project/install/mobile_robot/share/mobile_robot/model
[7.110s] -- Installing: /home/dhruv/rover_project/install/mobile_robot/share/mobile_robot/model/rover.gazebo
[7.110s] -- Installing: /home/dhruv/rover_project/install/mobile_robot/share/mobile_robot/model/rover.xacro
[7.110s] -- Installing: /home/dhruv/rover_project/install/mobile_robot/share/mobile_robot/model/world.world
[7.110s] -- Installing: /home/dhruv/rover_project/install/mobile_robot/install/mobile_robot/launch
[7.110s] -- Installing: /home/dhruv/rover_project/install/mobile_robot/install/mobile_robot/launch/coordinate_input_launch.py
[7.110s] -- Installing: /home/dhruv/rover_project/install/mobile_robot/install/mobile_robot/launch/gazebo_launch.py
[7.111s] -- Installing: /home/dhruv/rover_project/install/mobile_robot/install/mobile_robot/model
[7.111s] -- Installing: /home/dhruv/rover_project/install/mobile_robot/install/mobile_robot/model/rover.gazebo
[7.111s] -- Installing: /home/dhruv/rover_project/install/mobile_robot/install/mobile_robot/model/rover.xacro
[7.111s] -- Installing: /home/dhruv/rover_project/install/mobile_robot/install/mobile_robot/model/world.world
[7.111s] -- Installing: /home/dhruv/rover_project/install/mobile_robot/share/ament_index/resource_index/package_run_dependencies/mobile_robot
[7.111s] -- Up-to-date: /home/dhruv/rover_project/install/mobile_robot/share/ament_index/resource_index/parent_prefix_path/mobile_robot
[7.111s] -- Up-to-date: /home/dhruv/rover_project/install/mobile_robot/share/mobile_robot/environment/ament_prefix_path.sh
[7.111s] -- Installing: /home/dhruv/rover_project/install/mobile_robot/share/mobile_robot/environment/ament_prefix_path.dsv
[7.111s] -- Up-to-date: /home/dhruv/rover_project/install/mobile_robot/share/mobile_robot/environment/path.sh
[7.111s] -- Installing: /home/dhruv/rover_project/install/mobile_robot/share/mobile_robot/environment/path.dsv
[7.111s] -- Up-to-date: /home/dhruv/rover_project/install/mobile_robot/share/mobile_robot/local_setup.bash
[7.111s] -- Up-to-date: /home/dhruv/rover_project/install/mobile_robot/share/mobile_robot/local_setup.sh
[7.111s] -- Up-to-date: /home/dhruv/rover_project/install/mobile_robot/share/mobile_robot/local_setup.zsh
[7.112s] -- Installing: /home/dhruv/rover_project/install/mobile_robot/share/mobile_robot/local_setup.dsv
[7.112s] -- Installing: /home/dhruv/rover_project/install/mobile_robot/share/mobile_robot/package.dsv
[7.112s] -- Up-to-date: /home/dhruv/rover_project/install/mobile_robot/share/ament_index/resource_index/packages/mobile_robot
[7.112s] -- Installing: /home/dhruv/rover_project/install/mobile_robot/share/mobile_robot/cmake/mobile_robotConfig.cmake
[7.112s] -- Installing: /home/dhruv/rover_project/install/mobile_robot/share/mobile_robot/cmake/mobile_robotConfig-version.cmake
[7.112s] -- Installing: /home/dhruv/rover_project/install/mobile_robot/share/mobile_robot/package.xml
[7.113s] Invoked command in '/home/dhruv/rover_project/build/mobile_robot' returned '0': CMAKE_PREFIX_PATH=/opt/ros/humble /usr/bin/cmake --install /home/dhruv/rover_project/build/mobile_robot
