-- Found ament_cmake: 1.3.11 (/opt/ros/humble/share/ament_cmake/cmake)
-- Override CMake install command with custom implementation using symlinks instead of copying resources
-- Found rclcpp: 16.0.11 (/opt/ros/humble/share/rclcpp/cmake)
-- Found rosidl_generator_c: 3.1.6 (/opt/ros/humble/share/rosidl_generator_c/cmake)
-- Found rosidl_adapter: 3.1.6 (/opt/ros/humble/share/rosidl_adapter/cmake)
-- Found rosidl_generator_cpp: 3.1.6 (/opt/ros/humble/share/rosidl_generator_cpp/cmake)
-- Using all available rosidl_typesupport_c: rosidl_typesupport_fastrtps_c;rosidl_typesupport_introspection_c
-- Using all available rosidl_typesupport_cpp: rosidl_typesupport_fastrtps_cpp;rosidl_typesupport_introspection_cpp
-- Found rmw_implementation_cmake: 6.1.2 (/opt/ros/humble/share/rmw_implementation_cmake/cmake)
-- Found rmw_fastrtps_cpp: 6.2.7 (/opt/ros/humble/share/rmw_fastrtps_cpp/cmake)
-- Using RMW implementation 'rmw_fastrtps_cpp' as default
-- Found sensor_msgs: 4.2.4 (/opt/ros/humble/share/sensor_msgs/cmake)
-- Found nav_msgs: 4.2.4 (/opt/ros/humble/share/nav_msgs/cmake)
-- Found tf2_geometry_msgs: 0.25.11 (/opt/ros/humble/share/tf2_geometry_msgs/cmake)
-- Found eigen3_cmake_module: 0.1.1 (/opt/ros/humble/share/eigen3_cmake_module/cmake)
-- Ensuring Eigen3 include directory is part of orocos-kdl CMake target
-- Found visualization_msgs: 4.2.4 (/opt/ros/humble/share/visualization_msgs/cmake)
-- Found rviz2: 11.2.16 (/opt/ros/humble/share/rviz2/cmake)
-- Found ament_lint_auto: 0.12.11 (/opt/ros/humble/share/ament_lint_auto/cmake)
-- Added test 'cppcheck' to perform static code analysis on C / C++ code
-- Configured cppcheck include dirs: 
-- Configured cppcheck exclude dirs and/or files: 
-- Added test 'flake8' to check Python code syntax and style conventions
-- Added test 'lint_cmake' to check CMake code style
-- Added test 'pep257' to check Python code against some of the docstring style conventions in PEP 257
-- Added test 'uncrustify' to check C / C++ code style
-- Configured uncrustify additional arguments: 
-- Added test 'xmllint' to check XML markup files
-- Configuring done
-- Generating done
-- Build files have been written to: /home/dhruv/rover_project/build/mobile_robot
[35m[1mConsolidate compiler generated dependencies of target obstacle_avoidance[0m
[35m[1mConsolidate compiler generated dependencies of target gps_subscriber[0m
[35m[1mConsolidate compiler generated dependencies of target coordinate_input_node[0m
[35m[1mConsolidate compiler generated dependencies of target rover_control_node[0m
[100%] Built target rover_control_node
[100%] Built target gps_subscriber
[100%] Built target coordinate_input_node
[100%] Built target obstacle_avoidance
-- Install configuration: ""
-- Execute custom install script
-- Up-to-date symlink: /home/dhruv/rover_project/install/mobile_robot/lib/mobile_robot/coordinate_input_node
-- Up-to-date symlink: /home/dhruv/rover_project/install/mobile_robot/lib/mobile_robot/gps_subscriber
-- Up-to-date symlink: /home/dhruv/rover_project/install/mobile_robot/lib/mobile_robot/rover_control_node
-- Up-to-date symlink: /home/dhruv/rover_project/install/mobile_robot/lib/mobile_robot/obstacle_avoidance
-- Up-to-date symlink: /home/dhruv/rover_project/install/mobile_robot/share/mobile_robot/launch/coordinate_input_launch.py
-- Up-to-date symlink: /home/dhruv/rover_project/install/mobile_robot/share/mobile_robot/launch/gazebo_launch.py
-- Up-to-date symlink: /home/dhruv/rover_project/install/mobile_robot/share/mobile_robot/launch/rviz_launch.py
-- Up-to-date symlink: /home/dhruv/rover_project/install/mobile_robot/share/mobile_robot/launch/rover.rviz
-- Up-to-date symlink: /home/dhruv/rover_project/install/mobile_robot/share/mobile_robot/launch/rover_config.rviz
-- Up-to-date symlink: /home/dhruv/rover_project/install/mobile_robot/share/mobile_robot/model/rover.gazebo
-- Up-to-date symlink: /home/dhruv/rover_project/install/mobile_robot/share/mobile_robot/model/rover.xacro
-- Up-to-date symlink: /home/dhruv/rover_project/install/mobile_robot/share/mobile_robot/model/world.world
-- Up-to-date symlink: /home/dhruv/rover_project/install/mobile_robot/share/mobile_robot/rviz/rover.rviz
-- Up-to-date symlink: /home/dhruv/rover_project/install/mobile_robot/share/mobile_robot/rviz/rover_config.rviz
-- Up-to-date symlink: /home/dhruv/rover_project/install/mobile_robot/share/ament_index/resource_index/package_run_dependencies/mobile_robot
-- Up-to-date symlink: /home/dhruv/rover_project/install/mobile_robot/share/ament_index/resource_index/parent_prefix_path/mobile_robot
-- Up-to-date symlink: /home/dhruv/rover_project/install/mobile_robot/share/mobile_robot/environment/ament_prefix_path.sh
-- Up-to-date symlink: /home/dhruv/rover_project/install/mobile_robot/share/mobile_robot/environment/ament_prefix_path.dsv
-- Up-to-date symlink: /home/dhruv/rover_project/install/mobile_robot/share/mobile_robot/environment/path.sh
-- Up-to-date symlink: /home/dhruv/rover_project/install/mobile_robot/share/mobile_robot/environment/path.dsv
-- Up-to-date symlink: /home/dhruv/rover_project/install/mobile_robot/share/mobile_robot/local_setup.bash
-- Up-to-date symlink: /home/dhruv/rover_project/install/mobile_robot/share/mobile_robot/local_setup.sh
-- Up-to-date symlink: /home/dhruv/rover_project/install/mobile_robot/share/mobile_robot/local_setup.zsh
-- Up-to-date symlink: /home/dhruv/rover_project/install/mobile_robot/share/mobile_robot/local_setup.dsv
-- Symlinking: /home/dhruv/rover_project/install/mobile_robot/share/mobile_robot/package.dsv
-- Up-to-date symlink: /home/dhruv/rover_project/install/mobile_robot/share/ament_index/resource_index/packages/mobile_robot
-- Up-to-date symlink: /home/dhruv/rover_project/install/mobile_robot/share/mobile_robot/cmake/mobile_robotConfig.cmake
-- Up-to-date symlink: /home/dhruv/rover_project/install/mobile_robot/share/mobile_robot/cmake/mobile_robotConfig-version.cmake
-- Up-to-date symlink: /home/dhruv/rover_project/install/mobile_robot/share/mobile_robot/package.xml
