[0.008s] Invoking command in '/home/dhruv/rover_project/build/mobile_robot': CMAKE_PREFIX_PATH=/opt/ros/humble /usr/bin/cmake /home/dhruv/rover_project/src/mobile_robot -DCMAKE_INSTALL_PREFIX=/home/dhruv/rover_project/install/mobile_robot
[0.021s] -- Found ament_cmake: 1.3.11 (/opt/ros/humble/share/ament_cmake/cmake)
[0.095s] -- Override CMake install command with custom implementation using symlinks instead of copying resources
[0.099s] -- Found rclcpp: 16.0.11 (/opt/ros/humble/share/rclcpp/cmake)
[0.117s] -- Found rosidl_generator_c: 3.1.6 (/opt/ros/humble/share/rosidl_generator_c/cmake)
[0.118s] -- Found rosidl_adapter: 3.1.6 (/opt/ros/humble/share/rosidl_adapter/cmake)
[0.121s] -- Found rosidl_generator_cpp: 3.1.6 (/opt/ros/humble/share/rosidl_generator_cpp/cmake)
[0.126s] -- Using all available rosidl_typesupport_c: rosidl_typesupport_fastrtps_c;rosidl_typesupport_introspection_c
[0.132s] -- Using all available rosidl_typesupport_cpp: rosidl_typesupport_fastrtps_cpp;rosidl_typesupport_introspection_cpp
[0.149s] -- Found rmw_implementation_cmake: 6.1.2 (/opt/ros/humble/share/rmw_implementation_cmake/cmake)
[0.149s] -- Found rmw_fastrtps_cpp: 6.2.7 (/opt/ros/humble/share/rmw_fastrtps_cpp/cmake)
[0.217s] -- Using RMW implementation 'rmw_fastrtps_cpp' as default
[0.244s] -- Found sensor_msgs: 4.2.4 (/opt/ros/humble/share/sensor_msgs/cmake)
[0.259s] -- Found nav_msgs: 4.2.4 (/opt/ros/humble/share/nav_msgs/cmake)
[0.267s] -- Found tf2_geometry_msgs: 0.25.11 (/opt/ros/humble/share/tf2_geometry_msgs/cmake)
[0.269s] -- Found eigen3_cmake_module: 0.1.1 (/opt/ros/humble/share/eigen3_cmake_module/cmake)
[0.270s] -- Ensuring Eigen3 include directory is part of orocos-kdl CMake target
[0.312s] -- Found visualization_msgs: 4.2.4 (/opt/ros/humble/share/visualization_msgs/cmake)
[0.321s] -- Found rviz2: 11.2.16 (/opt/ros/humble/share/rviz2/cmake)
[0.325s] -- Found ament_lint_auto: 0.12.11 (/opt/ros/humble/share/ament_lint_auto/cmake)
[0.373s] -- Added test 'cppcheck' to perform static code analysis on C / C++ code
[0.374s] -- Configured cppcheck include dirs: 
[0.374s] -- Configured cppcheck exclude dirs and/or files: 
[0.374s] -- Added test 'flake8' to check Python code syntax and style conventions
[0.374s] -- Added test 'lint_cmake' to check CMake code style
[0.374s] -- Added test 'pep257' to check Python code against some of the docstring style conventions in PEP 257
[0.375s] -- Added test 'uncrustify' to check C / C++ code style
[0.375s] -- Configured uncrustify additional arguments: 
[0.375s] -- Added test 'xmllint' to check XML markup files
[0.375s] -- Configuring done
[0.390s] -- Generating done
[0.395s] -- Build files have been written to: /home/dhruv/rover_project/build/mobile_robot
[0.406s] Invoked command in '/home/dhruv/rover_project/build/mobile_robot' returned '0': CMAKE_PREFIX_PATH=/opt/ros/humble /usr/bin/cmake /home/dhruv/rover_project/src/mobile_robot -DCMAKE_INSTALL_PREFIX=/home/dhruv/rover_project/install/mobile_robot
[0.408s] Invoking command in '/home/dhruv/rover_project/build/mobile_robot': CMAKE_PREFIX_PATH=/opt/ros/humble /usr/bin/cmake --build /home/dhruv/rover_project/build/mobile_robot -- -j16 -l16
[0.449s] [35m[1mConsolidate compiler generated dependencies of target obstacle_avoidance[0m
[0.450s] [35m[1mConsolidate compiler generated dependencies of target gps_subscriber[0m
[0.450s] [35m[1mConsolidate compiler generated dependencies of target coordinate_input_node[0m
[0.450s] [35m[1mConsolidate compiler generated dependencies of target rover_control_node[0m
[0.464s] [100%] Built target rover_control_node
[0.465s] [100%] Built target gps_subscriber
[0.465s] [100%] Built target coordinate_input_node
[0.465s] [100%] Built target obstacle_avoidance
[0.476s] Invoked command in '/home/dhruv/rover_project/build/mobile_robot' returned '0': CMAKE_PREFIX_PATH=/opt/ros/humble /usr/bin/cmake --build /home/dhruv/rover_project/build/mobile_robot -- -j16 -l16
[0.485s] Invoking command in '/home/dhruv/rover_project/build/mobile_robot': CMAKE_PREFIX_PATH=/opt/ros/humble /usr/bin/cmake --install /home/dhruv/rover_project/build/mobile_robot
[0.489s] -- Install configuration: ""
[0.490s] -- Execute custom install script
[0.490s] -- Up-to-date symlink: /home/dhruv/rover_project/install/mobile_robot/lib/mobile_robot/coordinate_input_node
[0.490s] -- Up-to-date symlink: /home/dhruv/rover_project/install/mobile_robot/lib/mobile_robot/gps_subscriber
[0.490s] -- Up-to-date symlink: /home/dhruv/rover_project/install/mobile_robot/lib/mobile_robot/rover_control_node
[0.490s] -- Up-to-date symlink: /home/dhruv/rover_project/install/mobile_robot/lib/mobile_robot/obstacle_avoidance
[0.490s] -- Up-to-date symlink: /home/dhruv/rover_project/install/mobile_robot/share/mobile_robot/launch/coordinate_input_launch.py
[0.490s] -- Up-to-date symlink: /home/dhruv/rover_project/install/mobile_robot/share/mobile_robot/launch/gazebo_launch.py
[0.491s] -- Up-to-date symlink: /home/dhruv/rover_project/install/mobile_robot/share/mobile_robot/launch/rviz_launch.py
[0.491s] -- Up-to-date symlink: /home/dhruv/rover_project/install/mobile_robot/share/mobile_robot/launch/rover.rviz
[0.491s] -- Up-to-date symlink: /home/dhruv/rover_project/install/mobile_robot/share/mobile_robot/launch/rover_config.rviz
[0.491s] -- Up-to-date symlink: /home/dhruv/rover_project/install/mobile_robot/share/mobile_robot/model/rover.gazebo
[0.491s] -- Up-to-date symlink: /home/dhruv/rover_project/install/mobile_robot/share/mobile_robot/model/rover.xacro
[0.491s] -- Up-to-date symlink: /home/dhruv/rover_project/install/mobile_robot/share/mobile_robot/model/world.world
[0.491s] -- Up-to-date symlink: /home/dhruv/rover_project/install/mobile_robot/share/mobile_robot/rviz/rover.rviz
[0.491s] -- Up-to-date symlink: /home/dhruv/rover_project/install/mobile_robot/share/mobile_robot/rviz/rover_config.rviz
[0.491s] -- Up-to-date symlink: /home/dhruv/rover_project/install/mobile_robot/share/ament_index/resource_index/package_run_dependencies/mobile_robot
[0.491s] -- Up-to-date symlink: /home/dhruv/rover_project/install/mobile_robot/share/ament_index/resource_index/parent_prefix_path/mobile_robot
[0.491s] -- Up-to-date symlink: /home/dhruv/rover_project/install/mobile_robot/share/mobile_robot/environment/ament_prefix_path.sh
[0.492s] -- Up-to-date symlink: /home/dhruv/rover_project/install/mobile_robot/share/mobile_robot/environment/ament_prefix_path.dsv
[0.492s] -- Up-to-date symlink: /home/dhruv/rover_project/install/mobile_robot/share/mobile_robot/environment/path.sh
[0.492s] -- Up-to-date symlink: /home/dhruv/rover_project/install/mobile_robot/share/mobile_robot/environment/path.dsv
[0.492s] -- Up-to-date symlink: /home/dhruv/rover_project/install/mobile_robot/share/mobile_robot/local_setup.bash
[0.492s] -- Up-to-date symlink: /home/dhruv/rover_project/install/mobile_robot/share/mobile_robot/local_setup.sh
[0.492s] -- Up-to-date symlink: /home/dhruv/rover_project/install/mobile_robot/share/mobile_robot/local_setup.zsh
[0.492s] -- Up-to-date symlink: /home/dhruv/rover_project/install/mobile_robot/share/mobile_robot/local_setup.dsv
[0.492s] -- Symlinking: /home/dhruv/rover_project/install/mobile_robot/share/mobile_robot/package.dsv
[0.499s] -- Up-to-date symlink: /home/dhruv/rover_project/install/mobile_robot/share/ament_index/resource_index/packages/mobile_robot
[0.500s] -- Up-to-date symlink: /home/dhruv/rover_project/install/mobile_robot/share/mobile_robot/cmake/mobile_robotConfig.cmake
[0.500s] -- Up-to-date symlink: /home/dhruv/rover_project/install/mobile_robot/share/mobile_robot/cmake/mobile_robotConfig-version.cmake
[0.500s] -- Up-to-date symlink: /home/dhruv/rover_project/install/mobile_robot/share/mobile_robot/package.xml
[0.502s] Invoked command in '/home/dhruv/rover_project/build/mobile_robot' returned '0': CMAKE_PREFIX_PATH=/opt/ros/humble /usr/bin/cmake --install /home/dhruv/rover_project/build/mobile_robot
