-- The C compiler identification is GNU 11.4.0
-- The CXX compiler identification is GNU 11.4.0
-- Detecting C compiler ABI info
-- Detecting C compiler ABI info - done
-- Check for working C compiler: /usr/bin/cc - skipped
-- Detecting C compile features
-- Detecting C compile features - done
-- Detecting CXX compiler ABI info
-- Detecting CXX compiler ABI info - done
-- Check for working CXX compiler: /usr/bin/c++ - skipped
-- Detecting CXX compile features
-- Detecting CXX compile features - done
-- Found ament_cmake: 1.3.11 (/opt/ros/humble/share/ament_cmake/cmake)
-- Found Python3: /usr/bin/python3 (found version "3.10.12") found components: Interpreter 
-- Found rclcpp: 16.0.11 (/opt/ros/humble/share/rclcpp/cmake)
-- Found rosidl_generator_c: 3.1.6 (/opt/ros/humble/share/rosidl_generator_c/cmake)
-- Found rosidl_adapter: 3.1.6 (/opt/ros/humble/share/rosidl_adapter/cmake)
-- Found rosidl_generator_cpp: 3.1.6 (/opt/ros/humble/share/rosidl_generator_cpp/cmake)
-- Using all available rosidl_typesupport_c: rosidl_typesupport_fastrtps_c;rosidl_typesupport_introspection_c
-- Using all available rosidl_typesupport_cpp: rosidl_typesupport_fastrtps_cpp;rosidl_typesupport_introspection_cpp
-- Found rmw_implementation_cmake: 6.1.2 (/opt/ros/humble/share/rmw_implementation_cmake/cmake)
-- Found rmw_fastrtps_cpp: 6.2.7 (/opt/ros/humble/share/rmw_fastrtps_cpp/cmake)
-- Found OpenSSL: /usr/lib/aarch64-linux-gnu/libcrypto.so (found version "3.0.2")  
-- Found FastRTPS: /opt/ros/humble/include  
-- Using RMW implementation 'rmw_fastrtps_cpp' as default
-- Looking for pthread.h
-- Looking for pthread.h - found
-- Performing Test CMAKE_HAVE_LIBC_PTHREAD
-- Performing Test CMAKE_HAVE_LIBC_PTHREAD - Success
-- Found Threads: TRUE  
-- Found rosidl_default_generators: 1.2.0 (/opt/ros/humble/share/rosidl_default_generators/cmake)
-- Found std_srvs: 4.2.4 (/opt/ros/humble/share/std_srvs/cmake)
-- Found ament_cmake_ros: 0.10.0 (/opt/ros/humble/share/ament_cmake_ros/cmake)
-- Using all available rosidl_typesupport_c: rosidl_typesupport_fastrtps_c;rosidl_typesupport_introspection_c
-- Using all available rosidl_typesupport_cpp: rosidl_typesupport_fastrtps_cpp;rosidl_typesupport_introspection_cpp
-- Found PythonInterp: /usr/bin/python3 (found suitable version "3.10.12", minimum required is "3.6") 
-- Found python_cmake_module: 0.10.0 (/opt/ros/humble/share/python_cmake_module/cmake)
-- Found PythonLibs: /usr/lib/aarch64-linux-gnu/libpython3.10.so (found suitable version "3.10.12", minimum required is "3.5") 
-- Using PYTHON_EXECUTABLE: /usr/bin/python3
-- Using PYTHON_INCLUDE_DIRS: /usr/include/python3.10
-- Using PYTHON_LIBRARIES: /usr/lib/aarch64-linux-gnu/libpython3.10.so
-- Found PythonExtra: .so  
[0mCMake Deprecation Warning at /opt/ros/humble/share/rosidl_cmake/cmake/rosidl_target_interfaces.cmake:32 (message):
  Use rosidl_get_typesupport_target() and target_link_libraries() instead of
  rosidl_target_interfaces()
Call Stack (most recent call first):
  CMakeLists.txt:64 (rosidl_target_interfaces)

[0m
[0mCMake Deprecation Warning at /opt/ros/humble/share/rosidl_cmake/cmake/rosidl_target_interfaces.cmake:32 (message):
  Use rosidl_get_typesupport_target() and target_link_libraries() instead of
  rosidl_target_interfaces()
Call Stack (most recent call first):
  CMakeLists.txt:66 (rosidl_target_interfaces)

[0m
[0mCMake Deprecation Warning at /opt/ros/humble/share/rosidl_cmake/cmake/rosidl_target_interfaces.cmake:32 (message):
  Use rosidl_get_typesupport_target() and target_link_libraries() instead of
  rosidl_target_interfaces()
Call Stack (most recent call first):
  CMakeLists.txt:68 (rosidl_target_interfaces)

[0m
-- Configuring done
-- Generating done
[33mCMake Warning:
  Manually-specified variables were not used by the project:

    CATKIN_INSTALL_INTO_PREFIX_ROOT
    CATKIN_SYMLINK_INSTALL

[0m
-- Build files have been written to: /home/ubuntu/cashier_system_ws/build/cashier_system
[  2%] [34m[1mGenerating C code for ROS interfaces[0m
[  5%] [34m[1mGenerating C++ code for ROS interfaces[0m
[  5%] Built target ament_cmake_python_copy_cashier_system
running egg_info
creating cashier_system.egg-info
writing cashier_system.egg-info/PKG-INFO
writing dependency_links to cashier_system.egg-info/dependency_links.txt
writing top-level names to cashier_system.egg-info/top_level.txt
writing manifest file 'cashier_system.egg-info/SOURCES.txt'
reading manifest file 'cashier_system.egg-info/SOURCES.txt'
writing manifest file 'cashier_system.egg-info/SOURCES.txt'
[  5%] Built target cashier_system__cpp
[ 13%] [34m[1mGenerating C++ type support dispatch for ROS interfaces[0m
[ 13%] [34m[1mGenerating C++ type support for eProsima Fast-RTPS[0m
[ 13%] [32mBuilding C object CMakeFiles/cashier_system__rosidl_generator_c.dir/rosidl_generator_c/cashier_system/msg/detail/bill__functions.c.o[0m
[ 13%] Built target ament_cmake_python_build_cashier_system_egg
[ 16%] [34m[1mGenerating C++ introspection for ROS interfaces[0m
[ 18%] [32m[1mLinking C shared library libcashier_system__rosidl_generator_c.so[0m
[ 18%] Built target cashier_system__rosidl_generator_c
[ 21%] [34m[1mGenerating C type support for eProsima Fast-RTPS[0m
[ 24%] [32mBuilding CXX object CMakeFiles/cashier_system__rosidl_typesupport_cpp.dir/rosidl_typesupport_cpp/cashier_system/msg/bill__type_support.cpp.o[0m
[ 27%] [32mBuilding CXX object CMakeFiles/cashier_system__rosidl_typesupport_fastrtps_cpp.dir/rosidl_typesupport_fastrtps_cpp/cashier_system/msg/detail/dds_fastrtps/bill__type_support.cpp.o[0m
[ 29%] [32mBuilding CXX object CMakeFiles/cashier_system__rosidl_typesupport_introspection_cpp.dir/rosidl_typesupport_introspection_cpp/cashier_system/msg/detail/bill__type_support.cpp.o[0m
[ 32%] [32mBuilding CXX object CMakeFiles/cashier_system__rosidl_typesupport_fastrtps_c.dir/rosidl_typesupport_fastrtps_c/cashier_system/msg/detail/bill__type_support_c.cpp.o[0m
[ 35%] [32m[1mLinking CXX shared library libcashier_system__rosidl_typesupport_cpp.so[0m
[ 35%] Built target cashier_system__rosidl_typesupport_cpp
[ 37%] [34m[1mGenerating C introspection for ROS interfaces[0m
[ 40%] [32m[1mLinking CXX shared library libcashier_system__rosidl_typesupport_introspection_cpp.so[0m
[ 43%] [32m[1mLinking CXX shared library libcashier_system__rosidl_typesupport_fastrtps_cpp.so[0m
[ 43%] Built target cashier_system__rosidl_typesupport_introspection_cpp
[ 45%] [32m[1mLinking CXX shared library libcashier_system__rosidl_typesupport_fastrtps_c.so[0m
[ 48%] [34m[1mGenerating C type support dispatch for ROS interfaces[0m
[ 48%] Built target cashier_system__rosidl_typesupport_fastrtps_cpp
[ 51%] [32mBuilding C object CMakeFiles/cashier_system__rosidl_typesupport_introspection_c.dir/rosidl_typesupport_introspection_c/cashier_system/msg/detail/bill__type_support.c.o[0m
[ 51%] Built target cashier_system__rosidl_typesupport_fastrtps_c
[ 54%] [32m[1mLinking C shared library libcashier_system__rosidl_typesupport_introspection_c.so[0m
[ 54%] Built target cashier_system__rosidl_typesupport_introspection_c
[ 56%] [32mBuilding CXX object CMakeFiles/cashier_system__rosidl_typesupport_c.dir/rosidl_typesupport_c/cashier_system/msg/bill__type_support.cpp.o[0m
[ 59%] [32m[1mLinking CXX shared library libcashier_system__rosidl_typesupport_c.so[0m
[ 59%] Built target cashier_system__rosidl_typesupport_c
[ 59%] Built target cashier_system
[ 67%] [32mBuilding CXX object CMakeFiles/last_bill_printer.dir/src/last_bill_printer.cpp.o[0m
[ 70%] [34m[1mGenerating Python code for ROS interfaces[0m
[ 70%] [32mBuilding CXX object CMakeFiles/inventory_manager.dir/src/inventory_manager.cpp.o[0m
[ 67%] [32mBuilding CXX object CMakeFiles/bill_publisher.dir/src/bill_publisher.cpp.o[0m
[ 70%] Built target cashier_system__py
[ 72%] [32mBuilding C object CMakeFiles/cashier_system__rosidl_generator_py.dir/rosidl_generator_py/cashier_system/msg/_bill_s.c.o[0m
[ 75%] [32m[1mLinking C shared library rosidl_generator_py/cashier_system/libcashier_system__rosidl_generator_py.so[0m
[ 75%] Built target cashier_system__rosidl_generator_py
[ 78%] [32mBuilding C object CMakeFiles/cashier_system__rosidl_typesupport_fastrtps_c__pyext.dir/rosidl_generator_py/cashier_system/_cashier_system_s.ep.rosidl_typesupport_fastrtps_c.c.o[0m
[ 81%] [32m[1mLinking C shared library rosidl_generator_py/cashier_system/cashier_system_s__rosidl_typesupport_fastrtps_c.cpython-310-aarch64-linux-gnu.so[0m
[ 81%] Built target cashier_system__rosidl_typesupport_fastrtps_c__pyext
[ 83%] [32mBuilding C object CMakeFiles/cashier_system__rosidl_typesupport_introspection_c__pyext.dir/rosidl_generator_py/cashier_system/_cashier_system_s.ep.rosidl_typesupport_introspection_c.c.o[0m
[ 86%] [32m[1mLinking C shared library rosidl_generator_py/cashier_system/cashier_system_s__rosidl_typesupport_introspection_c.cpython-310-aarch64-linux-gnu.so[0m
[ 86%] Built target cashier_system__rosidl_typesupport_introspection_c__pyext
[ 89%] [32mBuilding C object CMakeFiles/cashier_system__rosidl_typesupport_c__pyext.dir/rosidl_generator_py/cashier_system/_cashier_system_s.ep.rosidl_typesupport_c.c.o[0m
[ 91%] [32m[1mLinking C shared library rosidl_generator_py/cashier_system/cashier_system_s__rosidl_typesupport_c.cpython-310-aarch64-linux-gnu.so[0m
[ 91%] Built target cashier_system__rosidl_typesupport_c__pyext
[ 94%] [32m[1mLinking CXX executable bill_publisher[0m
[ 94%] Built target bill_publisher
[ 97%] [32m[1mLinking CXX executable last_bill_printer[0m
[ 97%] Built target last_bill_printer
[100%] [32m[1mLinking CXX executable inventory_manager[0m
[100%] Built target inventory_manager
-- Install configuration: ""
-- Installing: /home/ubuntu/cashier_system_ws/install/cashier_system/share/ament_index/resource_index/rosidl_interfaces/cashier_system
-- Installing: /home/ubuntu/cashier_system_ws/install/cashier_system/include/cashier_system/cashier_system
-- Installing: /home/ubuntu/cashier_system_ws/install/cashier_system/include/cashier_system/cashier_system/msg
-- Installing: /home/ubuntu/cashier_system_ws/install/cashier_system/include/cashier_system/cashier_system/msg/detail
-- Installing: /home/ubuntu/cashier_system_ws/install/cashier_system/include/cashier_system/cashier_system/msg/detail/bill__struct.h
-- Installing: /home/ubuntu/cashier_system_ws/install/cashier_system/include/cashier_system/cashier_system/msg/detail/bill__type_support.h
-- Installing: /home/ubuntu/cashier_system_ws/install/cashier_system/include/cashier_system/cashier_system/msg/detail/bill__functions.h
-- Installing: /home/ubuntu/cashier_system_ws/install/cashier_system/include/cashier_system/cashier_system/msg/detail/bill__functions.c
-- Installing: /home/ubuntu/cashier_system_ws/install/cashier_system/include/cashier_system/cashier_system/msg/bill.h
-- Installing: /home/ubuntu/cashier_system_ws/install/cashier_system/include/cashier_system/cashier_system/msg/rosidl_generator_c__visibility_control.h
-- Installing: /home/ubuntu/cashier_system_ws/install/cashier_system/share/cashier_system/environment/library_path.sh
-- Installing: /home/ubuntu/cashier_system_ws/install/cashier_system/share/cashier_system/environment/library_path.dsv
-- Installing: /home/ubuntu/cashier_system_ws/install/cashier_system/lib/libcashier_system__rosidl_generator_c.so
-- Set runtime path of "/home/ubuntu/cashier_system_ws/install/cashier_system/lib/libcashier_system__rosidl_generator_c.so" to ""
-- Up-to-date: /home/ubuntu/cashier_system_ws/install/cashier_system/include/cashier_system/cashier_system
-- Up-to-date: /home/ubuntu/cashier_system_ws/install/cashier_system/include/cashier_system/cashier_system/msg
-- Up-to-date: /home/ubuntu/cashier_system_ws/install/cashier_system/include/cashier_system/cashier_system/msg/detail
-- Installing: /home/ubuntu/cashier_system_ws/install/cashier_system/include/cashier_system/cashier_system/msg/detail/bill__rosidl_typesupport_fastrtps_c.h
-- Installing: /home/ubuntu/cashier_system_ws/install/cashier_system/include/cashier_system/cashier_system/msg/rosidl_typesupport_fastrtps_c__visibility_control.h
-- Installing: /home/ubuntu/cashier_system_ws/install/cashier_system/lib/libcashier_system__rosidl_typesupport_fastrtps_c.so
-- Set runtime path of "/home/ubuntu/cashier_system_ws/install/cashier_system/lib/libcashier_system__rosidl_typesupport_fastrtps_c.so" to ""
-- Up-to-date: /home/ubuntu/cashier_system_ws/install/cashier_system/include/cashier_system/cashier_system
-- Up-to-date: /home/ubuntu/cashier_system_ws/install/cashier_system/include/cashier_system/cashier_system/msg
-- Up-to-date: /home/ubuntu/cashier_system_ws/install/cashier_system/include/cashier_system/cashier_system/msg/detail
-- Installing: /home/ubuntu/cashier_system_ws/install/cashier_system/include/cashier_system/cashier_system/msg/detail/bill__struct.hpp
-- Installing: /home/ubuntu/cashier_system_ws/install/cashier_system/include/cashier_system/cashier_system/msg/detail/bill__traits.hpp
-- Installing: /home/ubuntu/cashier_system_ws/install/cashier_system/include/cashier_system/cashier_system/msg/detail/bill__builder.hpp
-- Installing: /home/ubuntu/cashier_system_ws/install/cashier_system/include/cashier_system/cashier_system/msg/detail/bill__type_support.hpp
-- Installing: /home/ubuntu/cashier_system_ws/install/cashier_system/include/cashier_system/cashier_system/msg/rosidl_generator_cpp__visibility_control.hpp
-- Installing: /home/ubuntu/cashier_system_ws/install/cashier_system/include/cashier_system/cashier_system/msg/bill.hpp
-- Up-to-date: /home/ubuntu/cashier_system_ws/install/cashier_system/include/cashier_system/cashier_system
-- Up-to-date: /home/ubuntu/cashier_system_ws/install/cashier_system/include/cashier_system/cashier_system/msg
-- Up-to-date: /home/ubuntu/cashier_system_ws/install/cashier_system/include/cashier_system/cashier_system/msg/detail
-- Installing: /home/ubuntu/cashier_system_ws/install/cashier_system/include/cashier_system/cashier_system/msg/detail/dds_fastrtps
-- Installing: /home/ubuntu/cashier_system_ws/install/cashier_system/include/cashier_system/cashier_system/msg/detail/bill__rosidl_typesupport_fastrtps_cpp.hpp
-- Installing: /home/ubuntu/cashier_system_ws/install/cashier_system/include/cashier_system/cashier_system/msg/rosidl_typesupport_fastrtps_cpp__visibility_control.h
-- Installing: /home/ubuntu/cashier_system_ws/install/cashier_system/lib/libcashier_system__rosidl_typesupport_fastrtps_cpp.so
-- Set runtime path of "/home/ubuntu/cashier_system_ws/install/cashier_system/lib/libcashier_system__rosidl_typesupport_fastrtps_cpp.so" to ""
-- Up-to-date: /home/ubuntu/cashier_system_ws/install/cashier_system/include/cashier_system/cashier_system
-- Up-to-date: /home/ubuntu/cashier_system_ws/install/cashier_system/include/cashier_system/cashier_system/msg
-- Up-to-date: /home/ubuntu/cashier_system_ws/install/cashier_system/include/cashier_system/cashier_system/msg/detail
-- Installing: /home/ubuntu/cashier_system_ws/install/cashier_system/include/cashier_system/cashier_system/msg/detail/bill__rosidl_typesupport_introspection_c.h
-- Installing: /home/ubuntu/cashier_system_ws/install/cashier_system/include/cashier_system/cashier_system/msg/detail/bill__type_support.c
-- Installing: /home/ubuntu/cashier_system_ws/install/cashier_system/include/cashier_system/cashier_system/msg/rosidl_typesupport_introspection_c__visibility_control.h
-- Installing: /home/ubuntu/cashier_system_ws/install/cashier_system/lib/libcashier_system__rosidl_typesupport_introspection_c.so
-- Set runtime path of "/home/ubuntu/cashier_system_ws/install/cashier_system/lib/libcashier_system__rosidl_typesupport_introspection_c.so" to ""
-- Installing: /home/ubuntu/cashier_system_ws/install/cashier_system/lib/libcashier_system__rosidl_typesupport_c.so
-- Set runtime path of "/home/ubuntu/cashier_system_ws/install/cashier_system/lib/libcashier_system__rosidl_typesupport_c.so" to ""
-- Up-to-date: /home/ubuntu/cashier_system_ws/install/cashier_system/include/cashier_system/cashier_system
-- Up-to-date: /home/ubuntu/cashier_system_ws/install/cashier_system/include/cashier_system/cashier_system/msg
-- Up-to-date: /home/ubuntu/cashier_system_ws/install/cashier_system/include/cashier_system/cashier_system/msg/detail
-- Installing: /home/ubuntu/cashier_system_ws/install/cashier_system/include/cashier_system/cashier_system/msg/detail/bill__type_support.cpp
-- Installing: /home/ubuntu/cashier_system_ws/install/cashier_system/include/cashier_system/cashier_system/msg/detail/bill__rosidl_typesupport_introspection_cpp.hpp
-- Installing: /home/ubuntu/cashier_system_ws/install/cashier_system/lib/libcashier_system__rosidl_typesupport_introspection_cpp.so
-- Set runtime path of "/home/ubuntu/cashier_system_ws/install/cashier_system/lib/libcashier_system__rosidl_typesupport_introspection_cpp.so" to ""
-- Installing: /home/ubuntu/cashier_system_ws/install/cashier_system/lib/libcashier_system__rosidl_typesupport_cpp.so
-- Set runtime path of "/home/ubuntu/cashier_system_ws/install/cashier_system/lib/libcashier_system__rosidl_typesupport_cpp.so" to ""
-- Installing: /home/ubuntu/cashier_system_ws/install/cashier_system/share/cashier_system/environment/pythonpath.sh
-- Installing: /home/ubuntu/cashier_system_ws/install/cashier_system/share/cashier_system/environment/pythonpath.dsv
-- Installing: /home/ubuntu/cashier_system_ws/install/cashier_system/local/lib/python3.10/dist-packages/cashier_system-0.1.0-py3.10.egg-info
-- Installing: /home/ubuntu/cashier_system_ws/install/cashier_system/local/lib/python3.10/dist-packages/cashier_system-0.1.0-py3.10.egg-info/PKG-INFO
-- Installing: /home/ubuntu/cashier_system_ws/install/cashier_system/local/lib/python3.10/dist-packages/cashier_system-0.1.0-py3.10.egg-info/SOURCES.txt
-- Installing: /home/ubuntu/cashier_system_ws/install/cashier_system/local/lib/python3.10/dist-packages/cashier_system-0.1.0-py3.10.egg-info/dependency_links.txt
-- Installing: /home/ubuntu/cashier_system_ws/install/cashier_system/local/lib/python3.10/dist-packages/cashier_system-0.1.0-py3.10.egg-info/top_level.txt
-- Installing: /home/ubuntu/cashier_system_ws/install/cashier_system/local/lib/python3.10/dist-packages/cashier_system
-- Installing: /home/ubuntu/cashier_system_ws/install/cashier_system/local/lib/python3.10/dist-packages/cashier_system/cashier_system_s__rosidl_typesupport_c.cpython-310-aarch64-linux-gnu.so
-- Installing: /home/ubuntu/cashier_system_ws/install/cashier_system/local/lib/python3.10/dist-packages/cashier_system/_cashier_system_s.ep.rosidl_typesupport_fastrtps_c.c
-- Installing: /home/ubuntu/cashier_system_ws/install/cashier_system/local/lib/python3.10/dist-packages/cashier_system/msg
-- Installing: /home/ubuntu/cashier_system_ws/install/cashier_system/local/lib/python3.10/dist-packages/cashier_system/msg/__init__.py
-- Installing: /home/ubuntu/cashier_system_ws/install/cashier_system/local/lib/python3.10/dist-packages/cashier_system/msg/_bill.py
-- Installing: /home/ubuntu/cashier_system_ws/install/cashier_system/local/lib/python3.10/dist-packages/cashier_system/msg/_bill_s.c
-- Installing: /home/ubuntu/cashier_system_ws/install/cashier_system/local/lib/python3.10/dist-packages/cashier_system/libcashier_system__rosidl_generator_py.so
-- Installing: /home/ubuntu/cashier_system_ws/install/cashier_system/local/lib/python3.10/dist-packages/cashier_system/__init__.py
-- Installing: /home/ubuntu/cashier_system_ws/install/cashier_system/local/lib/python3.10/dist-packages/cashier_system/cashier_system_s__rosidl_typesupport_introspection_c.cpython-310-aarch64-linux-gnu.so
-- Installing: /home/ubuntu/cashier_system_ws/install/cashier_system/local/lib/python3.10/dist-packages/cashier_system/cashier_system_s__rosidl_typesupport_fastrtps_c.cpython-310-aarch64-linux-gnu.so
-- Installing: /home/ubuntu/cashier_system_ws/install/cashier_system/local/lib/python3.10/dist-packages/cashier_system/_cashier_system_s.ep.rosidl_typesupport_c.c
-- Installing: /home/ubuntu/cashier_system_ws/install/cashier_system/local/lib/python3.10/dist-packages/cashier_system/_cashier_system_s.ep.rosidl_typesupport_introspection_c.c
Listing '/home/ubuntu/cashier_system_ws/install/cashier_system/local/lib/python3.10/dist-packages/cashier_system'...
Compiling '/home/ubuntu/cashier_system_ws/install/cashier_system/local/lib/python3.10/dist-packages/cashier_system/__init__.py'...
Listing '/home/ubuntu/cashier_system_ws/install/cashier_system/local/lib/python3.10/dist-packages/cashier_system/msg'...
Compiling '/home/ubuntu/cashier_system_ws/install/cashier_system/local/lib/python3.10/dist-packages/cashier_system/msg/__init__.py'...
Compiling '/home/ubuntu/cashier_system_ws/install/cashier_system/local/lib/python3.10/dist-packages/cashier_system/msg/_bill.py'...
-- Installing: /home/ubuntu/cashier_system_ws/install/cashier_system/local/lib/python3.10/dist-packages/cashier_system/cashier_system_s__rosidl_typesupport_fastrtps_c.cpython-310-aarch64-linux-gnu.so
-- Set runtime path of "/home/ubuntu/cashier_system_ws/install/cashier_system/local/lib/python3.10/dist-packages/cashier_system/cashier_system_s__rosidl_typesupport_fastrtps_c.cpython-310-aarch64-linux-gnu.so" to ""
-- Installing: /home/ubuntu/cashier_system_ws/install/cashier_system/local/lib/python3.10/dist-packages/cashier_system/cashier_system_s__rosidl_typesupport_introspection_c.cpython-310-aarch64-linux-gnu.so
-- Set runtime path of "/home/ubuntu/cashier_system_ws/install/cashier_system/local/lib/python3.10/dist-packages/cashier_system/cashier_system_s__rosidl_typesupport_introspection_c.cpython-310-aarch64-linux-gnu.so" to ""
-- Installing: /home/ubuntu/cashier_system_ws/install/cashier_system/local/lib/python3.10/dist-packages/cashier_system/cashier_system_s__rosidl_typesupport_c.cpython-310-aarch64-linux-gnu.so
-- Set runtime path of "/home/ubuntu/cashier_system_ws/install/cashier_system/local/lib/python3.10/dist-packages/cashier_system/cashier_system_s__rosidl_typesupport_c.cpython-310-aarch64-linux-gnu.so" to ""
-- Installing: /home/ubuntu/cashier_system_ws/install/cashier_system/lib/libcashier_system__rosidl_generator_py.so
-- Set runtime path of "/home/ubuntu/cashier_system_ws/install/cashier_system/lib/libcashier_system__rosidl_generator_py.so" to ""
-- Installing: /home/ubuntu/cashier_system_ws/install/cashier_system/share/cashier_system/msg/Bill.idl
-- Installing: /home/ubuntu/cashier_system_ws/install/cashier_system/share/cashier_system/msg/Bill.msg
-- Installing: /home/ubuntu/cashier_system_ws/install/cashier_system/lib/cashier_system/bill_publisher
-- Set runtime path of "/home/ubuntu/cashier_system_ws/install/cashier_system/lib/cashier_system/bill_publisher" to ""
-- Installing: /home/ubuntu/cashier_system_ws/install/cashier_system/lib/cashier_system/inventory_manager
-- Set runtime path of "/home/ubuntu/cashier_system_ws/install/cashier_system/lib/cashier_system/inventory_manager" to ""
-- Installing: /home/ubuntu/cashier_system_ws/install/cashier_system/lib/cashier_system/last_bill_printer
-- Set runtime path of "/home/ubuntu/cashier_system_ws/install/cashier_system/lib/cashier_system/last_bill_printer" to ""
-- Installing: /home/ubuntu/cashier_system_ws/install/cashier_system/share/cashier_system/launch
-- Installing: /home/ubuntu/cashier_system_ws/install/cashier_system/share/cashier_system/launch/example.launch.py
-- Up-to-date: /home/ubuntu/cashier_system_ws/install/cashier_system/share/cashier_system/msg
-- Up-to-date: /home/ubuntu/cashier_system_ws/install/cashier_system/share/cashier_system/msg/Bill.msg
-- Installing: /home/ubuntu/cashier_system_ws/install/cashier_system/share/ament_index/resource_index/package_run_dependencies/cashier_system
-- Installing: /home/ubuntu/cashier_system_ws/install/cashier_system/share/ament_index/resource_index/parent_prefix_path/cashier_system
-- Installing: /home/ubuntu/cashier_system_ws/install/cashier_system/share/cashier_system/environment/ament_prefix_path.sh
-- Installing: /home/ubuntu/cashier_system_ws/install/cashier_system/share/cashier_system/environment/ament_prefix_path.dsv
-- Installing: /home/ubuntu/cashier_system_ws/install/cashier_system/share/cashier_system/environment/path.sh
-- Installing: /home/ubuntu/cashier_system_ws/install/cashier_system/share/cashier_system/environment/path.dsv
-- Installing: /home/ubuntu/cashier_system_ws/install/cashier_system/share/cashier_system/local_setup.bash
-- Installing: /home/ubuntu/cashier_system_ws/install/cashier_system/share/cashier_system/local_setup.sh
-- Installing: /home/ubuntu/cashier_system_ws/install/cashier_system/share/cashier_system/local_setup.zsh
-- Installing: /home/ubuntu/cashier_system_ws/install/cashier_system/share/cashier_system/local_setup.dsv
-- Installing: /home/ubuntu/cashier_system_ws/install/cashier_system/share/cashier_system/package.dsv
-- Installing: /home/ubuntu/cashier_system_ws/install/cashier_system/share/ament_index/resource_index/packages/cashier_system
-- Installing: /home/ubuntu/cashier_system_ws/install/cashier_system/share/cashier_system/cmake/export_cashier_system__rosidl_generator_cExport.cmake
-- Installing: /home/ubuntu/cashier_system_ws/install/cashier_system/share/cashier_system/cmake/export_cashier_system__rosidl_generator_cExport-noconfig.cmake
-- Installing: /home/ubuntu/cashier_system_ws/install/cashier_system/share/cashier_system/cmake/export_cashier_system__rosidl_typesupport_fastrtps_cExport.cmake
-- Installing: /home/ubuntu/cashier_system_ws/install/cashier_system/share/cashier_system/cmake/export_cashier_system__rosidl_typesupport_fastrtps_cExport-noconfig.cmake
-- Installing: /home/ubuntu/cashier_system_ws/install/cashier_system/share/cashier_system/cmake/export_cashier_system__rosidl_generator_cppExport.cmake
-- Installing: /home/ubuntu/cashier_system_ws/install/cashier_system/share/cashier_system/cmake/export_cashier_system__rosidl_typesupport_fastrtps_cppExport.cmake
-- Installing: /home/ubuntu/cashier_system_ws/install/cashier_system/share/cashier_system/cmake/export_cashier_system__rosidl_typesupport_fastrtps_cppExport-noconfig.cmake
-- Installing: /home/ubuntu/cashier_system_ws/install/cashier_system/share/cashier_system/cmake/cashier_system__rosidl_typesupport_introspection_cExport.cmake
-- Installing: /home/ubuntu/cashier_system_ws/install/cashier_system/share/cashier_system/cmake/cashier_system__rosidl_typesupport_introspection_cExport-noconfig.cmake
-- Installing: /home/ubuntu/cashier_system_ws/install/cashier_system/share/cashier_system/cmake/cashier_system__rosidl_typesupport_cExport.cmake
-- Installing: /home/ubuntu/cashier_system_ws/install/cashier_system/share/cashier_system/cmake/cashier_system__rosidl_typesupport_cExport-noconfig.cmake
-- Installing: /home/ubuntu/cashier_system_ws/install/cashier_system/share/cashier_system/cmake/cashier_system__rosidl_typesupport_introspection_cppExport.cmake
-- Installing: /home/ubuntu/cashier_system_ws/install/cashier_system/share/cashier_system/cmake/cashier_system__rosidl_typesupport_introspection_cppExport-noconfig.cmake
-- Installing: /home/ubuntu/cashier_system_ws/install/cashier_system/share/cashier_system/cmake/cashier_system__rosidl_typesupport_cppExport.cmake
-- Installing: /home/ubuntu/cashier_system_ws/install/cashier_system/share/cashier_system/cmake/cashier_system__rosidl_typesupport_cppExport-noconfig.cmake
-- Installing: /home/ubuntu/cashier_system_ws/install/cashier_system/share/cashier_system/cmake/export_cashier_system__rosidl_generator_pyExport.cmake
-- Installing: /home/ubuntu/cashier_system_ws/install/cashier_system/share/cashier_system/cmake/export_cashier_system__rosidl_generator_pyExport-noconfig.cmake
-- Installing: /home/ubuntu/cashier_system_ws/install/cashier_system/share/cashier_system/cmake/rosidl_cmake-extras.cmake
-- Installing: /home/ubuntu/cashier_system_ws/install/cashier_system/share/cashier_system/cmake/ament_cmake_export_dependencies-extras.cmake
-- Installing: /home/ubuntu/cashier_system_ws/install/cashier_system/share/cashier_system/cmake/ament_cmake_export_include_directories-extras.cmake
-- Installing: /home/ubuntu/cashier_system_ws/install/cashier_system/share/cashier_system/cmake/ament_cmake_export_libraries-extras.cmake
-- Installing: /home/ubuntu/cashier_system_ws/install/cashier_system/share/cashier_system/cmake/ament_cmake_export_targets-extras.cmake
-- Installing: /home/ubuntu/cashier_system_ws/install/cashier_system/share/cashier_system/cmake/rosidl_cmake_export_typesupport_targets-extras.cmake
-- Installing: /home/ubuntu/cashier_system_ws/install/cashier_system/share/cashier_system/cmake/rosidl_cmake_export_typesupport_libraries-extras.cmake
-- Installing: /home/ubuntu/cashier_system_ws/install/cashier_system/share/cashier_system/cmake/cashier_systemConfig.cmake
-- Installing: /home/ubuntu/cashier_system_ws/install/cashier_system/share/cashier_system/cmake/cashier_systemConfig-version.cmake
-- Installing: /home/ubuntu/cashier_system_ws/install/cashier_system/share/cashier_system/package.xml
