[0.008s] Invoking command in '/home/dhruv/rover_project/build/mobile_robot': CMAKE_PREFIX_PATH=${CMAKE_PREFIX_PATH}:/opt/ros/humble /usr/bin/cmake --build /home/dhruv/rover_project/build/mobile_robot -- -j16 -l16
[0.068s] [100%] Built target coordinate_input_node
[0.068s] [100%] Built target rover_control_node
[0.068s] [100%] Built target gps_subscriber
[0.078s] Invoked command in '/home/dhruv/rover_project/build/mobile_robot' returned '0': CMAKE_PREFIX_PATH=${CMAKE_PREFIX_PATH}:/opt/ros/humble /usr/bin/cmake --build /home/dhruv/rover_project/build/mobile_robot -- -j16 -l16
[0.086s] Invoking command in '/home/dhruv/rover_project/build/mobile_robot': CMAKE_PREFIX_PATH=${CMAKE_PREFIX_PATH}:/opt/ros/humble /usr/bin/cmake --install /home/dhruv/rover_project/build/mobile_robot
[0.091s] -- Install configuration: ""
[0.091s] -- Up-to-date: /home/dhruv/rover_project/install/mobile_robot/lib/mobile_robot/coordinate_input_node
[0.091s] -- Up-to-date: /home/dhruv/rover_project/install/mobile_robot/lib/mobile_robot/gps_subscriber
[0.091s] -- Up-to-date: /home/dhruv/rover_project/install/mobile_robot/lib/mobile_robot/rover_control_node
[0.092s] -- Up-to-date: /home/dhruv/rover_project/install/mobile_robot/share/mobile_robot/launch
[0.092s] -- Up-to-date: /home/dhruv/rover_project/install/mobile_robot/share/mobile_robot/launch/coordinate_input_launch.py
[0.092s] -- Up-to-date: /home/dhruv/rover_project/install/mobile_robot/share/mobile_robot/launch/gazebo_launch.py
[0.092s] -- Up-to-date: /home/dhruv/rover_project/install/mobile_robot/share/mobile_robot/model
[0.092s] -- Up-to-date: /home/dhruv/rover_project/install/mobile_robot/share/mobile_robot/model/rover.gazebo
[0.092s] -- Installing: /home/dhruv/rover_project/install/mobile_robot/share/mobile_robot/model/rover.xacro
[0.092s] -- Up-to-date: /home/dhruv/rover_project/install/mobile_robot/share/mobile_robot/model/world.world
[0.092s] -- Up-to-date: /home/dhruv/rover_project/install/mobile_robot/install/mobile_robot/launch
[0.092s] -- Up-to-date: /home/dhruv/rover_project/install/mobile_robot/install/mobile_robot/launch/coordinate_input_launch.py
[0.092s] -- Up-to-date: /home/dhruv/rover_project/install/mobile_robot/install/mobile_robot/launch/gazebo_launch.py
[0.092s] -- Up-to-date: /home/dhruv/rover_project/install/mobile_robot/install/mobile_robot/model
[0.092s] -- Up-to-date: /home/dhruv/rover_project/install/mobile_robot/install/mobile_robot/model/rover.gazebo
[0.092s] -- Installing: /home/dhruv/rover_project/install/mobile_robot/install/mobile_robot/model/rover.xacro
[0.092s] -- Up-to-date: /home/dhruv/rover_project/install/mobile_robot/install/mobile_robot/model/world.world
[0.092s] -- Up-to-date: /home/dhruv/rover_project/install/mobile_robot/share/ament_index/resource_index/package_run_dependencies/mobile_robot
[0.093s] -- Up-to-date: /home/dhruv/rover_project/install/mobile_robot/share/ament_index/resource_index/parent_prefix_path/mobile_robot
[0.093s] -- Up-to-date: /home/dhruv/rover_project/install/mobile_robot/share/mobile_robot/environment/ament_prefix_path.sh
[0.093s] -- Up-to-date: /home/dhruv/rover_project/install/mobile_robot/share/mobile_robot/environment/ament_prefix_path.dsv
[0.093s] -- Up-to-date: /home/dhruv/rover_project/install/mobile_robot/share/mobile_robot/environment/path.sh
[0.093s] -- Up-to-date: /home/dhruv/rover_project/install/mobile_robot/share/mobile_robot/environment/path.dsv
[0.093s] -- Up-to-date: /home/dhruv/rover_project/install/mobile_robot/share/mobile_robot/local_setup.bash
[0.093s] -- Up-to-date: /home/dhruv/rover_project/install/mobile_robot/share/mobile_robot/local_setup.sh
[0.093s] -- Up-to-date: /home/dhruv/rover_project/install/mobile_robot/share/mobile_robot/local_setup.zsh
[0.093s] -- Up-to-date: /home/dhruv/rover_project/install/mobile_robot/share/mobile_robot/local_setup.dsv
[0.093s] -- Installing: /home/dhruv/rover_project/install/mobile_robot/share/mobile_robot/package.dsv
[0.093s] -- Up-to-date: /home/dhruv/rover_project/install/mobile_robot/share/ament_index/resource_index/packages/mobile_robot
[0.093s] -- Up-to-date: /home/dhruv/rover_project/install/mobile_robot/share/mobile_robot/cmake/mobile_robotConfig.cmake
[0.093s] -- Up-to-date: /home/dhruv/rover_project/install/mobile_robot/share/mobile_robot/cmake/mobile_robotConfig-version.cmake
[0.093s] -- Up-to-date: /home/dhruv/rover_project/install/mobile_robot/share/mobile_robot/package.xml
[0.094s] Invoked command in '/home/dhruv/rover_project/build/mobile_robot' returned '0': CMAKE_PREFIX_PATH=${CMAKE_PREFIX_PATH}:/opt/ros/humble /usr/bin/cmake --install /home/dhruv/rover_project/build/mobile_robot
