[0.009s] Invoking command in '/home/dhruv/rover_project/build/mobile_robot': CMAKE_PREFIX_PATH=/home/dhruv/rover_project/install/mobile_robot:/opt/ros/humble:/home/dhruv/robot/install/robot /usr/bin/cmake /home/dhruv/rover_project/src/mobile_robot -DAMENT_CMAKE_SYMLINK_INSTALL=1 -DCMAKE_INSTALL_PREFIX=/home/dhruv/rover_project/install/mobile_robot
[0.023s] -- Found ament_cmake: 1.3.11 (/opt/ros/humble/share/ament_cmake/cmake)
[0.097s] -- Override CMake install command with custom implementation using symlinks instead of copying resources
[0.103s] -- Found rclcpp: 16.0.11 (/opt/ros/humble/share/rclcpp/cmake)
[0.121s] -- Found rosidl_generator_c: 3.1.6 (/opt/ros/humble/share/rosidl_generator_c/cmake)
[0.122s] -- Found rosidl_adapter: 3.1.6 (/opt/ros/humble/share/rosidl_adapter/cmake)
[0.125s] -- Found rosidl_generator_cpp: 3.1.6 (/opt/ros/humble/share/rosidl_generator_cpp/cmake)
[0.131s] -- Using all available rosidl_typesupport_c: rosidl_typesupport_fastrtps_c;rosidl_typesupport_introspection_c
[0.137s] -- Using all available rosidl_typesupport_cpp: rosidl_typesupport_fastrtps_cpp;rosidl_typesupport_introspection_cpp
[0.154s] -- Found rmw_implementation_cmake: 6.1.2 (/opt/ros/humble/share/rmw_implementation_cmake/cmake)
[0.155s] -- Found rmw_fastrtps_cpp: 6.2.7 (/opt/ros/humble/share/rmw_fastrtps_cpp/cmake)
[0.235s] -- Using RMW implementation 'rmw_fastrtps_cpp' as default
[0.263s] -- Found sensor_msgs: 4.2.4 (/opt/ros/humble/share/sensor_msgs/cmake)
[0.278s] -- Found nav_msgs: 4.2.4 (/opt/ros/humble/share/nav_msgs/cmake)
[0.288s] -- Found ament_lint_auto: 0.12.11 (/opt/ros/humble/share/ament_lint_auto/cmake)
[0.331s] -- Added test 'cppcheck' to perform static code analysis on C / C++ code
[0.331s] -- Configured cppcheck include dirs: 
[0.331s] -- Configured cppcheck exclude dirs and/or files: 
[0.331s] -- Added test 'flake8' to check Python code syntax and style conventions
[0.331s] -- Added test 'lint_cmake' to check CMake code style
[0.331s] -- Added test 'pep257' to check Python code against some of the docstring style conventions in PEP 257
[0.332s] -- Added test 'uncrustify' to check C / C++ code style
[0.332s] -- Configured uncrustify additional arguments: 
[0.332s] -- Added test 'xmllint' to check XML markup files
[0.333s] -- Configuring done
[0.346s] -- Generating done
[0.350s] -- Build files have been written to: /home/dhruv/rover_project/build/mobile_robot
[0.365s] Invoked command in '/home/dhruv/rover_project/build/mobile_robot' returned '0': CMAKE_PREFIX_PATH=/home/dhruv/rover_project/install/mobile_robot:/opt/ros/humble:/home/dhruv/robot/install/robot /usr/bin/cmake /home/dhruv/rover_project/src/mobile_robot -DAMENT_CMAKE_SYMLINK_INSTALL=1 -DCMAKE_INSTALL_PREFIX=/home/dhruv/rover_project/install/mobile_robot
[0.367s] Invoking command in '/home/dhruv/rover_project/build/mobile_robot': CMAKE_PREFIX_PATH=/home/dhruv/rover_project/install/mobile_robot:/opt/ros/humble:/home/dhruv/robot/install/robot /usr/bin/cmake --build /home/dhruv/rover_project/build/mobile_robot -- -j16 -l16
[0.406s] [35m[1mConsolidate compiler generated dependencies of target coordinate_input_node[0m
[0.406s] [35m[1mConsolidate compiler generated dependencies of target rover_control_node[0m
[0.406s] [35m[1mConsolidate compiler generated dependencies of target gps_subscriber[0m
[0.421s] [ 50%] [32m[1mLinking CXX executable coordinate_input_node[0m
[0.421s] [ 50%] [32m[1mLinking CXX executable gps_subscriber[0m
[0.421s] [ 50%] [32m[1mLinking CXX executable rover_control_node[0m
[0.639s] [ 66%] Built target coordinate_input_node
[0.802s] [ 83%] Built target gps_subscriber
[0.821s] [100%] Built target rover_control_node
[0.834s] Invoked command in '/home/dhruv/rover_project/build/mobile_robot' returned '0': CMAKE_PREFIX_PATH=/home/dhruv/rover_project/install/mobile_robot:/opt/ros/humble:/home/dhruv/robot/install/robot /usr/bin/cmake --build /home/dhruv/rover_project/build/mobile_robot -- -j16 -l16
[0.847s] Invoking command in '/home/dhruv/rover_project/build/mobile_robot': CMAKE_PREFIX_PATH=/home/dhruv/rover_project/install/mobile_robot:/opt/ros/humble:/home/dhruv/robot/install/robot /usr/bin/cmake --install /home/dhruv/rover_project/build/mobile_robot
[0.853s] -- Install configuration: ""
[0.853s] -- Execute custom install script
[0.853s] -- Symlinking: /home/dhruv/rover_project/install/mobile_robot/lib/mobile_robot/coordinate_input_node
[0.861s] -- Symlinking: /home/dhruv/rover_project/install/mobile_robot/lib/mobile_robot/gps_subscriber
[0.869s] -- Symlinking: /home/dhruv/rover_project/install/mobile_robot/lib/mobile_robot/rover_control_node
[0.877s] -- Symlinking: /home/dhruv/rover_project/install/mobile_robot/share/mobile_robot/launch/launch/coordinate_input_launch.py
[0.884s] -- Symlinking: /home/dhruv/rover_project/install/mobile_robot/share/mobile_robot/launch/launch/gazebo_launch.py
[0.891s] -- Symlinking: /home/dhruv/rover_project/install/mobile_robot/share/mobile_robot/model/model/rover.gazebo
[0.897s] -- Symlinking: /home/dhruv/rover_project/install/mobile_robot/share/mobile_robot/model/model/rover.xacro
[0.904s] -- Symlinking: /home/dhruv/rover_project/install/mobile_robot/share/mobile_robot/model/model/world.world
[0.912s] [31mCMake Error at ament_cmake_symlink_install/ament_cmake_symlink_install.cmake:100 (message):
[0.912s]   ament_cmake_symlink_install_directory() can't find
[0.912s]   '/home/dhruv/rover_project/src/mobile_robot/models/'
[0.912s] Call Stack (most recent call first):
[0.912s]   ament_cmake_symlink_install/ament_cmake_symlink_install.cmake:323 (ament_cmake_symlink_install_directory)
[0.912s]   cmake_install.cmake:46 (include)
[0.912s] 
[0.912s] [0m
[0.914s] Invoked command in '/home/dhruv/rover_project/build/mobile_robot' returned '1': CMAKE_PREFIX_PATH=/home/dhruv/rover_project/install/mobile_robot:/opt/ros/humble:/home/dhruv/robot/install/robot /usr/bin/cmake --install /home/dhruv/rover_project/build/mobile_robot
