[0.010s] Invoking command in '/home/dhruv/rover_project/build/mobile_robot': CMAKE_PREFIX_PATH=/home/dhruv/rover_project/install/mobile_robot:/opt/ros/humble:/home/dhruv/robot/install/robot /usr/bin/cmake /home/dhruv/rover_project/src/mobile_robot -DCMAKE_INSTALL_PREFIX=/home/dhruv/rover_project/install/mobile_robot
[0.061s] -- The C compiler identification is GNU 11.4.0
[0.102s] -- The CXX compiler identification is GNU 11.4.0
[0.108s] -- Detecting C compiler ABI info
[0.175s] -- Detecting C compiler ABI info - done
[0.179s] -- Check for working C compiler: /usr/bin/cc - skipped
[0.179s] -- Detecting C compile features
[0.179s] -- Detecting C compile features - done
[0.181s] -- Detecting CXX compiler ABI info
[0.269s] -- Detecting CXX compiler ABI info - done
[0.281s] -- Check for working CXX compiler: /usr/bin/c++ - skipped
[0.281s] -- Detecting CXX compile features
[0.282s] -- Detecting CXX compile features - done
[0.286s] -- Found ament_cmake: 1.3.11 (/opt/ros/humble/share/ament_cmake/cmake)
[0.459s] -- Found Python3: /usr/bin/python3 (found version "3.10.12") found components: Interpreter 
[0.565s] -- Found rclcpp: 16.0.11 (/opt/ros/humble/share/rclcpp/cmake)
[0.598s] -- Found rosidl_generator_c: 3.1.6 (/opt/ros/humble/share/rosidl_generator_c/cmake)
[0.601s] -- Found rosidl_adapter: 3.1.6 (/opt/ros/humble/share/rosidl_adapter/cmake)
[0.605s] -- Found rosidl_generator_cpp: 3.1.6 (/opt/ros/humble/share/rosidl_generator_cpp/cmake)
[0.613s] -- Using all available rosidl_typesupport_c: rosidl_typesupport_fastrtps_c;rosidl_typesupport_introspection_c
[0.621s] -- Using all available rosidl_typesupport_cpp: rosidl_typesupport_fastrtps_cpp;rosidl_typesupport_introspection_cpp
[0.648s] -- Found rmw_implementation_cmake: 6.1.2 (/opt/ros/humble/share/rmw_implementation_cmake/cmake)
[0.648s] -- Found rmw_fastrtps_cpp: 6.2.7 (/opt/ros/humble/share/rmw_fastrtps_cpp/cmake)
[0.738s] -- Found OpenSSL: /usr/lib/x86_64-linux-gnu/libcrypto.so (found version "3.0.2")  
[0.764s] -- Found FastRTPS: /opt/ros/humble/include  
[0.804s] -- Using RMW implementation 'rmw_fastrtps_cpp' as default
[0.809s] -- Looking for pthread.h
[0.902s] -- Looking for pthread.h - found
[0.903s] -- Performing Test CMAKE_HAVE_LIBC_PTHREAD
[0.995s] -- Performing Test CMAKE_HAVE_LIBC_PTHREAD - Success
[0.998s] -- Found Threads: TRUE  
[1.050s] -- Found sensor_msgs: 4.2.4 (/opt/ros/humble/share/sensor_msgs/cmake)
[1.066s] -- Found nav_msgs: 4.2.4 (/opt/ros/humble/share/nav_msgs/cmake)
[1.076s] -- Found ament_lint_auto: 0.12.11 (/opt/ros/humble/share/ament_lint_auto/cmake)
[1.126s] -- Added test 'cppcheck' to perform static code analysis on C / C++ code
[1.126s] -- Configured cppcheck include dirs: 
[1.126s] -- Configured cppcheck exclude dirs and/or files: 
[1.126s] -- Added test 'flake8' to check Python code syntax and style conventions
[1.126s] -- Added test 'lint_cmake' to check CMake code style
[1.126s] -- Added test 'pep257' to check Python code against some of the docstring style conventions in PEP 257
[1.127s] -- Added test 'uncrustify' to check C / C++ code style
[1.127s] -- Configured uncrustify additional arguments: 
[1.127s] -- Added test 'xmllint' to check XML markup files
[1.128s] -- Configuring done
[1.139s] -- Generating done
[1.145s] -- Build files have been written to: /home/dhruv/rover_project/build/mobile_robot
[1.162s] Invoked command in '/home/dhruv/rover_project/build/mobile_robot' returned '0': CMAKE_PREFIX_PATH=/home/dhruv/rover_project/install/mobile_robot:/opt/ros/humble:/home/dhruv/robot/install/robot /usr/bin/cmake /home/dhruv/rover_project/src/mobile_robot -DCMAKE_INSTALL_PREFIX=/home/dhruv/rover_project/install/mobile_robot
[1.165s] Invoking command in '/home/dhruv/rover_project/build/mobile_robot': CMAKE_PREFIX_PATH=/home/dhruv/rover_project/install/mobile_robot:/opt/ros/humble:/home/dhruv/robot/install/robot /usr/bin/cmake --build /home/dhruv/rover_project/build/mobile_robot -- -j16 -l16
[1.213s] [ 33%] [32mBuilding CXX object CMakeFiles/gps_subscriber.dir/src/gps_subscriber.cpp.o[0m
[1.213s] [ 33%] [32mBuilding CXX object CMakeFiles/coordinate_input_node.dir/src/coordinate_input_node.cpp.o[0m
[1.213s] [ 50%] [32mBuilding CXX object CMakeFiles/rover_control_node.dir/src/rover_control_node.cpp.o[0m
[4.192s] [ 66%] [32m[1mLinking CXX executable coordinate_input_node[0m
[4.317s] [ 66%] Built target coordinate_input_node
[6.734s] [ 83%] [32m[1mLinking CXX executable gps_subscriber[0m
[6.921s] [100%] [32m[1mLinking CXX executable rover_control_node[0m
[6.978s] [100%] Built target gps_subscriber
[7.157s] [100%] Built target rover_control_node
[7.167s] Invoked command in '/home/dhruv/rover_project/build/mobile_robot' returned '0': CMAKE_PREFIX_PATH=/home/dhruv/rover_project/install/mobile_robot:/opt/ros/humble:/home/dhruv/robot/install/robot /usr/bin/cmake --build /home/dhruv/rover_project/build/mobile_robot -- -j16 -l16
[7.175s] Invoking command in '/home/dhruv/rover_project/build/mobile_robot': CMAKE_PREFIX_PATH=/home/dhruv/rover_project/install/mobile_robot:/opt/ros/humble:/home/dhruv/robot/install/robot /usr/bin/cmake --install /home/dhruv/rover_project/build/mobile_robot
[7.180s] -- Install configuration: ""
[7.180s] -- Installing: /home/dhruv/rover_project/install/mobile_robot/lib/mobile_robot/coordinate_input_node
[7.181s] -- Set runtime path of "/home/dhruv/rover_project/install/mobile_robot/lib/mobile_robot/coordinate_input_node" to ""
[7.181s] -- Installing: /home/dhruv/rover_project/install/mobile_robot/lib/mobile_robot/gps_subscriber
[7.183s] -- Set runtime path of "/home/dhruv/rover_project/install/mobile_robot/lib/mobile_robot/gps_subscriber" to ""
[7.183s] -- Installing: /home/dhruv/rover_project/install/mobile_robot/lib/mobile_robot/rover_control_node
[7.186s] -- Set runtime path of "/home/dhruv/rover_project/install/mobile_robot/lib/mobile_robot/rover_control_node" to ""
[7.186s] -- Installing: /home/dhruv/rover_project/install/mobile_robot/share/mobile_robot/launch/launch
[7.186s] -- Installing: /home/dhruv/rover_project/install/mobile_robot/share/mobile_robot/launch/launch/coordinate_input_launch.py
[7.186s] -- Installing: /home/dhruv/rover_project/install/mobile_robot/share/mobile_robot/launch/launch/gazebo_launch.py
[7.186s] -- Installing: /home/dhruv/rover_project/install/mobile_robot/share/mobile_robot/model/model
[7.186s] -- Installing: /home/dhruv/rover_project/install/mobile_robot/share/mobile_robot/model/model/rover.gazebo
[7.186s] -- Installing: /home/dhruv/rover_project/install/mobile_robot/share/mobile_robot/model/model/rover.xacro
[7.187s] -- Installing: /home/dhruv/rover_project/install/mobile_robot/share/mobile_robot/model/model/world.world
[7.187s] -- Installing: /home/dhruv/rover_project/install/mobile_robot/share/ament_index/resource_index/package_run_dependencies/mobile_robot
[7.187s] -- Installing: /home/dhruv/rover_project/install/mobile_robot/share/ament_index/resource_index/parent_prefix_path/mobile_robot
[7.187s] -- Installing: /home/dhruv/rover_project/install/mobile_robot/share/mobile_robot/environment/ament_prefix_path.sh
[7.187s] -- Installing: /home/dhruv/rover_project/install/mobile_robot/share/mobile_robot/environment/ament_prefix_path.dsv
[7.187s] -- Installing: /home/dhruv/rover_project/install/mobile_robot/share/mobile_robot/environment/path.sh
[7.187s] -- Installing: /home/dhruv/rover_project/install/mobile_robot/share/mobile_robot/environment/path.dsv
[7.187s] -- Installing: /home/dhruv/rover_project/install/mobile_robot/share/mobile_robot/local_setup.bash
[7.187s] -- Installing: /home/dhruv/rover_project/install/mobile_robot/share/mobile_robot/local_setup.sh
[7.187s] -- Installing: /home/dhruv/rover_project/install/mobile_robot/share/mobile_robot/local_setup.zsh
[7.187s] -- Installing: /home/dhruv/rover_project/install/mobile_robot/share/mobile_robot/local_setup.dsv
[7.187s] -- Installing: /home/dhruv/rover_project/install/mobile_robot/share/mobile_robot/package.dsv
[7.187s] -- Installing: /home/dhruv/rover_project/install/mobile_robot/share/ament_index/resource_index/packages/mobile_robot
[7.188s] -- Installing: /home/dhruv/rover_project/install/mobile_robot/share/mobile_robot/cmake/mobile_robotConfig.cmake
[7.188s] -- Installing: /home/dhruv/rover_project/install/mobile_robot/share/mobile_robot/cmake/mobile_robotConfig-version.cmake
[7.188s] -- Installing: /home/dhruv/rover_project/install/mobile_robot/share/mobile_robot/package.xml
[7.190s] Invoked command in '/home/dhruv/rover_project/build/mobile_robot' returned '0': CMAKE_PREFIX_PATH=/home/dhruv/rover_project/install/mobile_robot:/opt/ros/humble:/home/dhruv/robot/install/robot /usr/bin/cmake --install /home/dhruv/rover_project/build/mobile_robot
